---------------------------------------------------------------
[ 2019-08-09T11:22:29+08:00 ] 127.0.0.1 POST /shuzheng/api/public/index.php/api/goods/getLists
[ info ] 127.0.0.1/shuzheng/api/public/index.php/api/goods/getLists [运行时间：1.023058s][吞吐率：0.98req/s] [内存消耗：1,990.37kb] [文件加载：51]
[ info ] [ LANG ] D:\www\shuzheng\api\thinkphp\lang\zh-cn.php
[ info ] [ ROUTE ] array (
  'type' => 'module',
  'module' => 
  array (
    0 => 'api',
    1 => 'goods',
    2 => 'getLists',
  ),
)
[ info ] [ HEADER ] array (
  'connection' => 'close',
  'content-length' => '595',
  'content-type' => 'multipart/form-data; boundary=--------------------------661961855212265647411323',
  'accept-encoding' => 'gzip, deflate',
  'cookie' => 'PHPSESSID=8sbg6kqmt7mglv1opngabttvk3',
  'host' => '127.0.0.1',
  'accept' => '*/*',
  'user-agent' => 'PostmanRuntime/3.0.1',
  'postman-token' => '83ada569-f9f3-4c10-a40a-c47d12d0e558',
  'cache-control' => 'no-cache',
)
[ info ] [ PARAM ] array (
  'name' => '大米',
  'unit' => '袋',
  'type_id' => '1',
  'safe_stock' => '10',
  'status' => '1',
)
[ info ] [ DB ] INIT mysql
[ info ] [ RUN ] app\api\controller\Goods->getLists[ D:\www\shuzheng\api\application\api\controller\Goods.php ]
[ info ] [ LOG ] INIT File
[ error ] [8]未定义数组索引: page[D:\www\shuzheng\api\application\api\controller\Base.php:31]
[ error ] [8]未定义数组索引: limit[D:\www\shuzheng\api\application\api\controller\Base.php:31]
[ sql ] [ DB ] CONNECT:[ UseTime:0.174010s ] mysql:host=rm-wz91kpl7zfkkt2c7nbo.mysql.rds.aliyuncs.com;dbname=shuzheng_test;charset=utf8
[ sql ] [ SQL ] SHOW COLUMNS FROM `goods` [ RunTime:0.312018s ]
[ sql ] [ SQL ] SELECT COUNT(*) AS tp_count FROM `goods` WHERE  `status` = 1  AND `name` LIKE '%1%'  AND `type_id` = 1 LIMIT 1 [ RunTime:0.139008s ]
---------------------------------------------------------------
[ 2019-08-09T11:22:58+08:00 ] 127.0.0.1 POST /shuzheng/api/public/index.php/api/goods/getLists
[ info ] 127.0.0.1/shuzheng/api/public/index.php/api/goods/getLists [运行时间：0.350020s][吞吐率：2.86req/s] [内存消耗：1,869.53kb] [文件加载：48]
[ info ] [ LANG ] D:\www\shuzheng\api\thinkphp\lang\zh-cn.php
[ info ] [ ROUTE ] array (
  'type' => 'module',
  'module' => 
  array (
    0 => 'api',
    1 => 'goods',
    2 => 'getLists',
  ),
)
[ info ] [ HEADER ] array (
  'connection' => 'close',
  'content-length' => '595',
  'content-type' => 'multipart/form-data; boundary=--------------------------397647326361352697891643',
  'accept-encoding' => 'gzip, deflate',
  'cookie' => 'PHPSESSID=8sbg6kqmt7mglv1opngabttvk3',
  'host' => '127.0.0.1',
  'accept' => '*/*',
  'user-agent' => 'PostmanRuntime/3.0.1',
  'postman-token' => 'dbde9c81-1fd0-461d-aab7-2504d4624b14',
  'cache-control' => 'no-cache',
)
[ info ] [ PARAM ] array (
  'name' => '大米',
  'unit' => '袋',
  'type_id' => '1',
  'safe_stock' => '10',
  'status' => '1',
)
[ info ] [ DB ] INIT mysql
[ info ] [ RUN ] app\api\controller\Goods->getLists[ D:\www\shuzheng\api\application\api\controller\Goods.php ]
[ info ] [ LOG ] INIT File
[ error ] [8]未定义数组索引: page[D:\www\shuzheng\api\application\api\controller\Base.php:31]
[ error ] [8]未定义数组索引: limit[D:\www\shuzheng\api\application\api\controller\Base.php:31]
[ sql ] [ DB ] CONNECT:[ UseTime:0.166010s ] mysql:host=rm-wz91kpl7zfkkt2c7nbo.mysql.rds.aliyuncs.com;dbname=shuzheng_test;charset=utf8
[ sql ] [ SQL ] SHOW COLUMNS FROM `goods` [ RunTime:0.081004s ]
[ sql ] [ SQL ] SELECT COUNT(*) AS tp_count FROM `goods` WHERE  `status` = 1  AND `name` LIKE '%1%'  AND `type_id` = 1 LIMIT 1 [ RunTime:0.080005s ]
---------------------------------------------------------------
[ 2019-08-09T11:24:00+08:00 ] 127.0.0.1 POST /shuzheng/api/public/index.php/api/goods/getLists
[ info ] 127.0.0.1/shuzheng/api/public/index.php/api/goods/getLists [运行时间：0.908052s][吞吐率：1.10req/s] [内存消耗：2,024.59kb] [文件加载：53]
[ info ] [ LANG ] D:\www\shuzheng\api\thinkphp\lang\zh-cn.php
[ info ] [ ROUTE ] array (
  'type' => 'module',
  'module' => 
  array (
    0 => 'api',
    1 => 'goods',
    2 => 'getLists',
  ),
)
[ info ] [ HEADER ] array (
  'connection' => 'close',
  'content-length' => '0',
  'accept-encoding' => 'gzip, deflate',
  'cookie' => 'PHPSESSID=8sbg6kqmt7mglv1opngabttvk3',
  'host' => '127.0.0.1',
  'accept' => '*/*',
  'user-agent' => 'PostmanRuntime/3.0.1',
  'postman-token' => 'de278679-d03f-46dd-83db-fbaeca4b9a89',
  'cache-control' => 'no-cache',
)
[ info ] [ PARAM ] array (
)
[ info ] [ DB ] INIT mysql
[ info ] [ RUN ] app\api\controller\Goods->getLists[ D:\www\shuzheng\api\application\api\controller\Goods.php ]
[ info ] [ LOG ] INIT File
[ error ] [8]未定义数组索引: page[D:\www\shuzheng\api\application\api\controller\Base.php:31]
[ error ] [8]未定义数组索引: limit[D:\www\shuzheng\api\application\api\controller\Base.php:31]
[ sql ] [ DB ] CONNECT:[ UseTime:0.349020s ] mysql:host=rm-wz91kpl7zfkkt2c7nbo.mysql.rds.aliyuncs.com;dbname=shuzheng_test;charset=utf8
[ sql ] [ SQL ] SHOW COLUMNS FROM `goods` [ RunTime:0.085005s ]
[ sql ] [ SQL ] SELECT COUNT(*) AS tp_count FROM `goods` WHERE  `status` = 1 LIMIT 1 [ RunTime:0.128008s ]
[ sql ] [ SQL ] SELECT * FROM `goods` WHERE  `status` = 1 [ RunTime:0.296016s ]
---------------------------------------------------------------
[ 2019-08-09T11:25:36+08:00 ] 127.0.0.1 POST /shuzheng/api/public/index.php/api/goods/getLists
[ info ] 127.0.0.1/shuzheng/api/public/index.php/api/goods/getLists [运行时间：0.680039s][吞吐率：1.47req/s] [内存消耗：2,025.65kb] [文件加载：53]
[ info ] [ LANG ] D:\www\shuzheng\api\thinkphp\lang\zh-cn.php
[ info ] [ ROUTE ] array (
  'type' => 'module',
  'module' => 
  array (
    0 => 'api',
    1 => 'goods',
    2 => 'getLists',
  ),
)
[ info ] [ HEADER ] array (
  'connection' => 'close',
  'content-length' => '155',
  'content-type' => 'multipart/form-data; boundary=--------------------------801125545143379905402701',
  'accept-encoding' => 'gzip, deflate',
  'cookie' => 'PHPSESSID=8sbg6kqmt7mglv1opngabttvk3',
  'host' => '127.0.0.1',
  'accept' => '*/*',
  'user-agent' => 'PostmanRuntime/3.0.1',
  'postman-token' => '16566464-376b-4ad5-9209-b28e426a1b27',
  'cache-control' => 'no-cache',
)
[ info ] [ PARAM ] array (
)
[ info ] [ DB ] INIT mysql
[ info ] [ RUN ] app\api\controller\Goods->getLists[ D:\www\shuzheng\api\application\api\controller\Goods.php ]
[ info ] [ LOG ] INIT File
[ error ] [8]未定义数组索引: page[D:\www\shuzheng\api\application\api\controller\Base.php:31]
[ error ] [8]未定义数组索引: limit[D:\www\shuzheng\api\application\api\controller\Base.php:31]
[ sql ] [ DB ] CONNECT:[ UseTime:0.392022s ] mysql:host=rm-wz91kpl7zfkkt2c7nbo.mysql.rds.aliyuncs.com;dbname=shuzheng_test;charset=utf8
[ sql ] [ SQL ] SHOW COLUMNS FROM `goods` [ RunTime:0.085004s ]
[ sql ] [ SQL ] SELECT COUNT(*) AS tp_count FROM `goods` WHERE  `status` = 1 LIMIT 1 [ RunTime:0.085005s ]
[ sql ] [ SQL ] SELECT * FROM `goods` WHERE  `status` = 1 LIMIT 0,20 [ RunTime:0.085005s ]
---------------------------------------------------------------
[ 2019-08-09T11:26:00+08:00 ] 127.0.0.1 POST /shuzheng/api/public/index.php/api/goods/getLists
[ info ] 127.0.0.1/shuzheng/api/public/index.php/api/goods/getLists [运行时间：21.465228s][吞吐率：0.05req/s] [内存消耗：1,844.30kb] [文件加载：50]
[ info ] [ LANG ] D:\www\shuzheng\api\thinkphp\lang\zh-cn.php
[ info ] [ ROUTE ] array (
  'type' => 'module',
  'module' => 
  array (
    0 => 'api',
    1 => 'goods',
    2 => 'getLists',
  ),
)
[ info ] [ HEADER ] array (
  'connection' => 'close',
  'content-length' => '0',
  'accept-encoding' => 'gzip, deflate',
  'cookie' => 'PHPSESSID=8sbg6kqmt7mglv1opngabttvk3',
  'host' => '127.0.0.1',
  'accept' => '*/*',
  'user-agent' => 'PostmanRuntime/3.0.1',
  'postman-token' => 'c29c50aa-7b6d-411f-bc2d-d700c4a648ba',
  'cache-control' => 'no-cache',
)
[ info ] [ PARAM ] array (
)
[ info ] [ DB ] INIT mysql
[ info ] [ RUN ] app\api\controller\Goods->getLists[ D:\www\shuzheng\api\application\api\controller\Goods.php ]
[ info ] [ LOG ] INIT File
[ error ] [8]未定义数组索引: page[D:\www\shuzheng\api\application\api\controller\Base.php:31]
[ error ] [8]未定义数组索引: limit[D:\www\shuzheng\api\application\api\controller\Base.php:31]
[ error ] [2006]SQLSTATE[HY000] [2006] MySQL server has gone away[D:\www\shuzheng\api\thinkphp\library\think\db\Connection.php:295]
---------------------------------------------------------------
[ 2019-08-09T11:26:33+08:00 ] 127.0.0.1 POST /shuzheng/api/public/index.php/api/goods/getLists
[ info ] 127.0.0.1/shuzheng/api/public/index.php/api/goods/getLists [运行时间：0.560032s][吞吐率：1.79req/s] [内存消耗：2,024.96kb] [文件加载：53]
[ info ] [ LANG ] D:\www\shuzheng\api\thinkphp\lang\zh-cn.php
[ info ] [ ROUTE ] array (
  'type' => 'module',
  'module' => 
  array (
    0 => 'api',
    1 => 'goods',
    2 => 'getLists',
  ),
)
[ info ] [ HEADER ] array (
  'connection' => 'close',
  'content-length' => '0',
  'accept-encoding' => 'gzip, deflate',
  'cookie' => 'PHPSESSID=8sbg6kqmt7mglv1opngabttvk3',
  'host' => '127.0.0.1',
  'accept' => '*/*',
  'user-agent' => 'PostmanRuntime/3.0.1',
  'postman-token' => 'edf91fc3-11d6-4571-aaff-59f204658309',
  'cache-control' => 'no-cache',
)
[ info ] [ PARAM ] array (
)
[ info ] [ DB ] INIT mysql
[ info ] [ RUN ] app\api\controller\Goods->getLists[ D:\www\shuzheng\api\application\api\controller\Goods.php ]
[ info ] [ LOG ] INIT File
[ error ] [8]未定义数组索引: page[D:\www\shuzheng\api\application\api\controller\Base.php:31]
[ error ] [8]未定义数组索引: limit[D:\www\shuzheng\api\application\api\controller\Base.php:31]
[ sql ] [ DB ] CONNECT:[ UseTime:0.309017s ] mysql:host=rm-wz91kpl7zfkkt2c7nbo.mysql.rds.aliyuncs.com;dbname=shuzheng_test;charset=utf8
[ sql ] [ SQL ] SHOW COLUMNS FROM `goods` [ RunTime:0.075004s ]
[ sql ] [ SQL ] SELECT COUNT(*) AS tp_count FROM `goods` WHERE  `status` = 1 LIMIT 1 [ RunTime:0.074004s ]
[ sql ] [ SQL ] SELECT * FROM `goods` WHERE  `status` = 1 LIMIT 0,20 [ RunTime:0.074004s ]
---------------------------------------------------------------
[ 2019-08-09T16:43:47+08:00 ] 127.0.0.1 POST /shuzheng/api/public/index.php/api/goods/editGoodsType
[ info ] 127.0.0.1/shuzheng/api/public/index.php/api/goods/editGoodsType [运行时间：0.052003s][吞吐率：19.23req/s] [内存消耗：2,043.09kb] [文件加载：51]
[ info ] [ LANG ] D:\www\shuzheng\api\thinkphp\lang\zh-cn.php
[ info ] [ ROUTE ] array (
  'type' => 'module',
  'module' => 
  array (
    0 => 'api',
    1 => 'goods',
    2 => 'editGoodsType',
  ),
)
[ info ] [ HEADER ] array (
  'connection' => 'close',
  'content-length' => '268',
  'content-type' => 'multipart/form-data; boundary=--------------------------638915674781622878347074',
  'accept-encoding' => 'gzip, deflate',
  'cookie' => 'PHPSESSID=8sbg6kqmt7mglv1opngabttvk3',
  'host' => '127.0.0.1',
  'accept' => '*/*',
  'user-agent' => 'PostmanRuntime/3.0.1',
  'postman-token' => '3e458a6f-6009-4201-8ba0-0720b16e5171',
  'cache-control' => 'no-cache',
)
[ info ] [ PARAM ] array (
  'name' => '干杂',
  'pid' => '0',
)
[ info ] [ DB ] INIT mysql
[ info ] [ RUN ] app\api\controller\Goods->editGoodsType[ D:\www\shuzheng\api\application\api\controller\Goods.php ]
[ info ] [ LOG ] INIT File
---------------------------------------------------------------
[ 2019-08-09T16:44:28+08:00 ] 127.0.0.1 POST /shuzheng/api/public/index.php/api/goods/editGoodsType
[ info ] 127.0.0.1/shuzheng/api/public/index.php/api/goods/editGoodsType [运行时间：0.635036s][吞吐率：1.57req/s] [内存消耗：2,156.36kb] [文件加载：57]
[ info ] [ LANG ] D:\www\shuzheng\api\thinkphp\lang\zh-cn.php
[ info ] [ ROUTE ] array (
  'type' => 'module',
  'module' => 
  array (
    0 => 'api',
    1 => 'goods',
    2 => 'editGoodsType',
  ),
)
[ info ] [ HEADER ] array (
  'connection' => 'close',
  'content-length' => '273',
  'content-type' => 'multipart/form-data; boundary=--------------------------529187196571704260952620',
  'accept-encoding' => 'gzip, deflate',
  'cookie' => 'PHPSESSID=8sbg6kqmt7mglv1opngabttvk3',
  'host' => '127.0.0.1',
  'accept' => '*/*',
  'user-agent' => 'PostmanRuntime/3.0.1',
  'postman-token' => 'c1c71a48-7536-42ad-8d3e-48e45753bbf0',
  'cache-control' => 'no-cache',
)
[ info ] [ PARAM ] array (
  'type_name' => '干杂',
  'pid' => '0',
)
[ info ] [ DB ] INIT mysql
[ info ] [ RUN ] app\api\controller\Goods->editGoodsType[ D:\www\shuzheng\api\application\api\controller\Goods.php ]
[ info ] [ CACHE ] INIT File
[ info ] [ LOG ] INIT File
[ error ] [8]未定义数组索引: id[D:\www\shuzheng\api\application\api\controller\Goods.php:79]
[ error ] [8]未定义数组索引: name[D:\www\shuzheng\api\application\common\model\GoodsType.php:28]
[ sql ] [ DB ] CONNECT:[ UseTime:0.304017s ] mysql:host=rm-wz91kpl7zfkkt2c7nbo.mysql.rds.aliyuncs.com;dbname=shuzheng_test;charset=utf8
[ sql ] [ SQL ] SHOW COLUMNS FROM `goods_type` [ RunTime:0.137008s ]
[ sql ] [ SQL ] UPDATE `goods_type`  SET `pid`=0,`type_name`=NULL  WHERE  `type_id` = 0 [ RunTime:0.124007s ]
---------------------------------------------------------------
[ 2019-08-09T16:44:56+08:00 ] 127.0.0.1 POST /shuzheng/api/public/index.php/api/goods/editGoodsType
[ info ] 127.0.0.1/shuzheng/api/public/index.php/api/goods/editGoodsType [运行时间：0.541031s][吞吐率：1.85req/s] [内存消耗：2,156.38kb] [文件加载：57]
[ info ] [ LANG ] D:\www\shuzheng\api\thinkphp\lang\zh-cn.php
[ info ] [ ROUTE ] array (
  'type' => 'module',
  'module' => 
  array (
    0 => 'api',
    1 => 'goods',
    2 => 'editGoodsType',
  ),
)
[ info ] [ HEADER ] array (
  'connection' => 'close',
  'content-length' => '276',
  'content-type' => 'multipart/form-data; boundary=--------------------------966312356801531231521278',
  'accept-encoding' => 'gzip, deflate',
  'cookie' => 'PHPSESSID=8sbg6kqmt7mglv1opngabttvk3',
  'host' => '127.0.0.1',
  'accept' => '*/*',
  'user-agent' => 'PostmanRuntime/3.0.1',
  'postman-token' => 'cfc75e10-d35e-468c-a74b-2bd70b688a93',
  'cache-control' => 'no-cache',
)
[ info ] [ PARAM ] array (
  'type_name' => '调料类',
  'pid' => '1',
)
[ info ] [ DB ] INIT mysql
[ info ] [ RUN ] app\api\controller\Goods->editGoodsType[ D:\www\shuzheng\api\application\api\controller\Goods.php ]
[ info ] [ CACHE ] INIT File
[ info ] [ LOG ] INIT File
[ error ] [8]未定义数组索引: id[D:\www\shuzheng\api\application\api\controller\Goods.php:79]
[ error ] [8]未定义数组索引: name[D:\www\shuzheng\api\application\common\model\GoodsType.php:28]
[ sql ] [ DB ] CONNECT:[ UseTime:0.305018s ] mysql:host=rm-wz91kpl7zfkkt2c7nbo.mysql.rds.aliyuncs.com;dbname=shuzheng_test;charset=utf8
[ sql ] [ SQL ] SHOW COLUMNS FROM `goods_type` [ RunTime:0.128007s ]
[ sql ] [ SQL ] UPDATE `goods_type`  SET `pid`=1,`type_name`=NULL  WHERE  `type_id` = 0 [ RunTime:0.079005s ]
---------------------------------------------------------------
[ 2019-08-09T16:45:20+08:00 ] 127.0.0.1 POST /shuzheng/api/public/index.php/api/goods/editGoodsType
[ info ] 127.0.0.1/shuzheng/api/public/index.php/api/goods/editGoodsType [运行时间：0.355020s][吞吐率：2.82req/s] [内存消耗：2,156.38kb] [文件加载：57]
[ info ] [ LANG ] D:\www\shuzheng\api\thinkphp\lang\zh-cn.php
[ info ] [ ROUTE ] array (
  'type' => 'module',
  'module' => 
  array (
    0 => 'api',
    1 => 'goods',
    2 => 'editGoodsType',
  ),
)
[ info ] [ HEADER ] array (
  'connection' => 'close',
  'content-length' => '276',
  'content-type' => 'multipart/form-data; boundary=--------------------------049576479922319723621490',
  'accept-encoding' => 'gzip, deflate',
  'cookie' => 'PHPSESSID=8sbg6kqmt7mglv1opngabttvk3',
  'host' => '127.0.0.1',
  'accept' => '*/*',
  'user-agent' => 'PostmanRuntime/3.0.1',
  'postman-token' => '566e5f11-6a53-4aa7-adaf-959b4c5f8985',
  'cache-control' => 'no-cache',
)
[ info ] [ PARAM ] array (
  'type_name' => '日用品',
  'pid' => '0',
)
[ info ] [ DB ] INIT mysql
[ info ] [ RUN ] app\api\controller\Goods->editGoodsType[ D:\www\shuzheng\api\application\api\controller\Goods.php ]
[ info ] [ CACHE ] INIT File
[ info ] [ LOG ] INIT File
[ error ] [8]未定义数组索引: id[D:\www\shuzheng\api\application\api\controller\Goods.php:79]
[ error ] [8]未定义数组索引: name[D:\www\shuzheng\api\application\common\model\GoodsType.php:28]
[ sql ] [ DB ] CONNECT:[ UseTime:0.191011s ] mysql:host=rm-wz91kpl7zfkkt2c7nbo.mysql.rds.aliyuncs.com;dbname=shuzheng_test;charset=utf8
[ sql ] [ SQL ] SHOW COLUMNS FROM `goods_type` [ RunTime:0.071004s ]
[ sql ] [ SQL ] UPDATE `goods_type`  SET `pid`=0,`type_name`=NULL  WHERE  `type_id` = 0 [ RunTime:0.069004s ]
---------------------------------------------------------------
[ 2019-08-09T16:45:33+08:00 ] 127.0.0.1 POST /shuzheng/api/public/index.php/api/goods/editGoodsType
[ info ] 127.0.0.1/shuzheng/api/public/index.php/api/goods/editGoodsType [运行时间：0.294017s][吞吐率：3.40req/s] [内存消耗：2,156.38kb] [文件加载：57]
[ info ] [ LANG ] D:\www\shuzheng\api\thinkphp\lang\zh-cn.php
[ info ] [ ROUTE ] array (
  'type' => 'module',
  'module' => 
  array (
    0 => 'api',
    1 => 'goods',
    2 => 'editGoodsType',
  ),
)
[ info ] [ HEADER ] array (
  'connection' => 'close',
  'content-length' => '279',
  'content-type' => 'multipart/form-data; boundary=--------------------------613195338422508587942680',
  'accept-encoding' => 'gzip, deflate',
  'cookie' => 'PHPSESSID=8sbg6kqmt7mglv1opngabttvk3',
  'host' => '127.0.0.1',
  'accept' => '*/*',
  'user-agent' => 'PostmanRuntime/3.0.1',
  'postman-token' => '1971bb79-6e35-4066-870d-3d7244d0a514',
  'cache-control' => 'no-cache',
)
[ info ] [ PARAM ] array (
  'type_name' => '厨房用品',
  'pid' => '3',
)
[ info ] [ DB ] INIT mysql
[ info ] [ RUN ] app\api\controller\Goods->editGoodsType[ D:\www\shuzheng\api\application\api\controller\Goods.php ]
[ info ] [ CACHE ] INIT File
[ info ] [ LOG ] INIT File
[ error ] [8]未定义数组索引: id[D:\www\shuzheng\api\application\api\controller\Goods.php:79]
[ error ] [8]未定义数组索引: name[D:\www\shuzheng\api\application\common\model\GoodsType.php:28]
[ sql ] [ DB ] CONNECT:[ UseTime:0.122007s ] mysql:host=rm-wz91kpl7zfkkt2c7nbo.mysql.rds.aliyuncs.com;dbname=shuzheng_test;charset=utf8
[ sql ] [ SQL ] SHOW COLUMNS FROM `goods_type` [ RunTime:0.073005s ]
[ sql ] [ SQL ] UPDATE `goods_type`  SET `pid`=3,`type_name`=NULL  WHERE  `type_id` = 0 [ RunTime:0.072004s ]
---------------------------------------------------------------
[ 2019-08-09T16:45:49+08:00 ] 127.0.0.1 POST /shuzheng/api/public/index.php/api/goods/getGoodsType
[ info ] 127.0.0.1/shuzheng/api/public/index.php/api/goods/getGoodsType [运行时间：0.498028s][吞吐率：2.01req/s] [内存消耗：1,851.13kb] [文件加载：45]
[ info ] [ LANG ] D:\www\shuzheng\api\thinkphp\lang\zh-cn.php
[ info ] [ ROUTE ] array (
  'type' => 'module',
  'module' => 
  array (
    0 => 'api',
    1 => 'goods',
    2 => 'getGoodsType',
  ),
)
[ info ] [ HEADER ] array (
  'connection' => 'close',
  'content-length' => '279',
  'content-type' => 'multipart/form-data; boundary=--------------------------467512207837643743246635',
  'accept-encoding' => 'gzip, deflate',
  'cookie' => 'PHPSESSID=8sbg6kqmt7mglv1opngabttvk3',
  'host' => '127.0.0.1',
  'accept' => '*/*',
  'user-agent' => 'PostmanRuntime/3.0.1',
  'postman-token' => '2eff0c47-51ee-4609-ac2d-c8a58809347c',
  'cache-control' => 'no-cache',
)
[ info ] [ PARAM ] array (
  'type_name' => '厨房用品',
  'pid' => '3',
)
[ info ] [ DB ] INIT mysql
[ info ] [ RUN ] app\api\controller\Goods->getGoodsType[ D:\www\shuzheng\api\application\api\controller\Goods.php ]
[ info ] [ LOG ] INIT File
[ sql ] [ DB ] CONNECT:[ UseTime:0.295017s ] mysql:host=rm-wz91kpl7zfkkt2c7nbo.mysql.rds.aliyuncs.com;dbname=shuzheng_test;charset=utf8
[ sql ] [ SQL ] SHOW COLUMNS FROM `goods_type` [ RunTime:0.093006s ]
[ sql ] [ SQL ] SELECT * FROM `goods_type` [ RunTime:0.081004s ]
---------------------------------------------------------------
[ 2019-08-09T16:46:04+08:00 ] 127.0.0.1 POST /shuzheng/api/public/index.php/api/goods/getGoodsType
[ info ] 127.0.0.1/shuzheng/api/public/index.php/api/goods/getGoodsType [运行时间：0.564033s][吞吐率：1.77req/s] [内存消耗：1,851.29kb] [文件加载：45]
[ info ] [ LANG ] D:\www\shuzheng\api\thinkphp\lang\zh-cn.php
[ info ] [ ROUTE ] array (
  'type' => 'module',
  'module' => 
  array (
    0 => 'api',
    1 => 'goods',
    2 => 'getGoodsType',
  ),
)
[ info ] [ HEADER ] array (
  'connection' => 'close',
  'content-length' => '279',
  'content-type' => 'multipart/form-data; boundary=--------------------------858845487850536823152965',
  'accept-encoding' => 'gzip, deflate',
  'cookie' => 'PHPSESSID=8sbg6kqmt7mglv1opngabttvk3',
  'host' => '127.0.0.1',
  'accept' => '*/*',
  'user-agent' => 'PostmanRuntime/3.0.1',
  'postman-token' => '525a3bce-ccb5-4e84-abd3-39c20665eaed',
  'cache-control' => 'no-cache',
)
[ info ] [ PARAM ] array (
  'type_name' => '厨房用品',
  'pid' => '3',
)
[ info ] [ DB ] INIT mysql
[ info ] [ RUN ] app\api\controller\Goods->getGoodsType[ D:\www\shuzheng\api\application\api\controller\Goods.php ]
[ info ] [ LOG ] INIT File
[ sql ] [ DB ] CONNECT:[ UseTime:0.124007s ] mysql:host=rm-wz91kpl7zfkkt2c7nbo.mysql.rds.aliyuncs.com;dbname=shuzheng_test;charset=utf8
[ sql ] [ SQL ] SHOW COLUMNS FROM `goods_type` [ RunTime:0.271015s ]
[ sql ] [ SQL ] SELECT * FROM `goods_type` [ RunTime:0.147008s ]
---------------------------------------------------------------
[ 2019-08-09T16:47:28+08:00 ] 127.0.0.1 POST /shuzheng/api/public/index.php/api/goods/editGoodsType
[ info ] 127.0.0.1/shuzheng/api/public/index.php/api/goods/editGoodsType [运行时间：0.441025s][吞吐率：2.27req/s] [内存消耗：2,111.46kb] [文件加载：56]
[ info ] [ LANG ] D:\www\shuzheng\api\thinkphp\lang\zh-cn.php
[ info ] [ ROUTE ] array (
  'type' => 'module',
  'module' => 
  array (
    0 => 'api',
    1 => 'goods',
    2 => 'editGoodsType',
  ),
)
[ info ] [ HEADER ] array (
  'connection' => 'close',
  'content-length' => '273',
  'content-type' => 'multipart/form-data; boundary=--------------------------205063938299197531066008',
  'accept-encoding' => 'gzip, deflate',
  'cookie' => 'PHPSESSID=8sbg6kqmt7mglv1opngabttvk3',
  'host' => '127.0.0.1',
  'accept' => '*/*',
  'user-agent' => 'PostmanRuntime/3.0.1',
  'postman-token' => 'bf2f36b6-94d7-4a93-a3fb-78bbc49b4dc3',
  'cache-control' => 'no-cache',
)
[ info ] [ PARAM ] array (
  'type_name' => '干杂',
  'pid' => '0',
)
[ info ] [ DB ] INIT mysql
[ info ] [ RUN ] app\api\controller\Goods->editGoodsType[ D:\www\shuzheng\api\application\api\controller\Goods.php ]
[ info ] [ LOG ] INIT File
[ error ] [8]未定义数组索引: id[D:\www\shuzheng\api\application\api\controller\Goods.php:80]
[ error ] [8]未定义数组索引: name[D:\www\shuzheng\api\application\common\model\GoodsType.php:28]
[ error ] [10501]SQLSTATE[23000]: Integrity constraint violation: 1048 Column 'type_name' cannot be null[D:\www\shuzheng\api\thinkphp\library\think\db\Connection.php:463]
[ sql ] [ DB ] CONNECT:[ UseTime:0.156009s ] mysql:host=rm-wz91kpl7zfkkt2c7nbo.mysql.rds.aliyuncs.com;dbname=shuzheng_test;charset=utf8
[ sql ] [ SQL ] SHOW COLUMNS FROM `goods_type` [ RunTime:0.069004s ]
---------------------------------------------------------------
[ 2019-08-09T16:48:01+08:00 ] 127.0.0.1 POST /shuzheng/api/public/index.php/api/goods/editGoodsType
[ info ] 127.0.0.1/shuzheng/api/public/index.php/api/goods/editGoodsType [运行时间：0.024001s][吞吐率：41.66req/s] [内存消耗：2,042.71kb] [文件加载：51]
[ info ] [ LANG ] D:\www\shuzheng\api\thinkphp\lang\zh-cn.php
[ info ] [ ROUTE ] array (
  'type' => 'module',
  'module' => 
  array (
    0 => 'api',
    1 => 'goods',
    2 => 'editGoodsType',
  ),
)
[ info ] [ HEADER ] array (
  'connection' => 'close',
  'content-length' => '268',
  'content-type' => 'multipart/form-data; boundary=--------------------------807579711295596159726350',
  'accept-encoding' => 'gzip, deflate',
  'cookie' => 'PHPSESSID=8sbg6kqmt7mglv1opngabttvk3',
  'host' => '127.0.0.1',
  'accept' => '*/*',
  'user-agent' => 'PostmanRuntime/3.0.1',
  'postman-token' => '6ae379de-a6f6-43ad-a6ad-2e72497e9a25',
  'cache-control' => 'no-cache',
)
[ info ] [ PARAM ] array (
  'name' => '干杂',
  'pid' => '0',
)
[ info ] [ DB ] INIT mysql
[ info ] [ RUN ] app\api\controller\Goods->editGoodsType[ D:\www\shuzheng\api\application\api\controller\Goods.php ]
[ info ] [ LOG ] INIT File
---------------------------------------------------------------
[ 2019-08-09T16:48:15+08:00 ] 127.0.0.1 POST /shuzheng/api/public/index.php/api/goods/editGoodsType
[ info ] 127.0.0.1/shuzheng/api/public/index.php/api/goods/editGoodsType [运行时间：0.587033s][吞吐率：1.70req/s] [内存消耗：2,100.71kb] [文件加载：54]
[ info ] [ LANG ] D:\www\shuzheng\api\thinkphp\lang\zh-cn.php
[ info ] [ ROUTE ] array (
  'type' => 'module',
  'module' => 
  array (
    0 => 'api',
    1 => 'goods',
    2 => 'editGoodsType',
  ),
)
[ info ] [ HEADER ] array (
  'connection' => 'close',
  'content-length' => '273',
  'content-type' => 'multipart/form-data; boundary=--------------------------976659678798863568504770',
  'accept-encoding' => 'gzip, deflate',
  'cookie' => 'PHPSESSID=8sbg6kqmt7mglv1opngabttvk3',
  'host' => '127.0.0.1',
  'accept' => '*/*',
  'user-agent' => 'PostmanRuntime/3.0.1',
  'postman-token' => '9a96c8bb-6e19-4dbd-866a-1498d695ab40',
  'cache-control' => 'no-cache',
)
[ info ] [ PARAM ] array (
  'type_name' => '干杂',
  'pid' => '0',
)
[ info ] [ DB ] INIT mysql
[ info ] [ RUN ] app\api\controller\Goods->editGoodsType[ D:\www\shuzheng\api\application\api\controller\Goods.php ]
[ info ] [ LOG ] INIT File
[ error ] [8]未定义数组索引: id[D:\www\shuzheng\api\application\api\controller\Goods.php:80]
[ sql ] [ DB ] CONNECT:[ UseTime:0.110006s ] mysql:host=rm-wz91kpl7zfkkt2c7nbo.mysql.rds.aliyuncs.com;dbname=shuzheng_test;charset=utf8
[ sql ] [ SQL ] SHOW COLUMNS FROM `goods_type` [ RunTime:0.265015s ]
[ sql ] [ SQL ] INSERT INTO `goods_type` (`pid` , `type_name`) VALUES (0 , '干杂') [ RunTime:0.186011s ]
---------------------------------------------------------------
[ 2019-08-09T16:48:25+08:00 ] 127.0.0.1 POST /shuzheng/api/public/index.php/api/goods/editGoodsType
[ info ] 127.0.0.1/shuzheng/api/public/index.php/api/goods/editGoodsType [运行时间：0.296017s][吞吐率：3.38req/s] [内存消耗：2,100.73kb] [文件加载：54]
[ info ] [ LANG ] D:\www\shuzheng\api\thinkphp\lang\zh-cn.php
[ info ] [ ROUTE ] array (
  'type' => 'module',
  'module' => 
  array (
    0 => 'api',
    1 => 'goods',
    2 => 'editGoodsType',
  ),
)
[ info ] [ HEADER ] array (
  'connection' => 'close',
  'content-length' => '279',
  'content-type' => 'multipart/form-data; boundary=--------------------------913516017783025677910561',
  'accept-encoding' => 'gzip, deflate',
  'cookie' => 'PHPSESSID=8sbg6kqmt7mglv1opngabttvk3',
  'host' => '127.0.0.1',
  'accept' => '*/*',
  'user-agent' => 'PostmanRuntime/3.0.1',
  'postman-token' => '3553cb33-15aa-4de2-a69a-10320632fa79',
  'cache-control' => 'no-cache',
)
[ info ] [ PARAM ] array (
  'type_name' => '厨房用品',
  'pid' => '0',
)
[ info ] [ DB ] INIT mysql
[ info ] [ RUN ] app\api\controller\Goods->editGoodsType[ D:\www\shuzheng\api\application\api\controller\Goods.php ]
[ info ] [ LOG ] INIT File
[ error ] [8]未定义数组索引: id[D:\www\shuzheng\api\application\api\controller\Goods.php:80]
[ sql ] [ DB ] CONNECT:[ UseTime:0.115007s ] mysql:host=rm-wz91kpl7zfkkt2c7nbo.mysql.rds.aliyuncs.com;dbname=shuzheng_test;charset=utf8
[ sql ] [ SQL ] SHOW COLUMNS FROM `goods_type` [ RunTime:0.075004s ]
[ sql ] [ SQL ] INSERT INTO `goods_type` (`pid` , `type_name`) VALUES (0 , '厨房用品') [ RunTime:0.084005s ]
---------------------------------------------------------------
[ 2019-08-09T16:48:41+08:00 ] 127.0.0.1 POST /shuzheng/api/public/index.php/api/goods/editGoodsType
[ info ] 127.0.0.1/shuzheng/api/public/index.php/api/goods/editGoodsType [运行时间：0.523030s][吞吐率：1.91req/s] [内存消耗：2,100.73kb] [文件加载：54]
[ info ] [ LANG ] D:\www\shuzheng\api\thinkphp\lang\zh-cn.php
[ info ] [ ROUTE ] array (
  'type' => 'module',
  'module' => 
  array (
    0 => 'api',
    1 => 'goods',
    2 => 'editGoodsType',
  ),
)
[ info ] [ HEADER ] array (
  'connection' => 'close',
  'content-length' => '276',
  'content-type' => 'multipart/form-data; boundary=--------------------------118071061380998944929753',
  'accept-encoding' => 'gzip, deflate',
  'cookie' => 'PHPSESSID=8sbg6kqmt7mglv1opngabttvk3',
  'host' => '127.0.0.1',
  'accept' => '*/*',
  'user-agent' => 'PostmanRuntime/3.0.1',
  'postman-token' => '5fc26b0c-3527-47b6-ab1d-ca6e22b3d423',
  'cache-control' => 'no-cache',
)
[ info ] [ PARAM ] array (
  'type_name' => '调料类',
  'pid' => '1',
)
[ info ] [ DB ] INIT mysql
[ info ] [ RUN ] app\api\controller\Goods->editGoodsType[ D:\www\shuzheng\api\application\api\controller\Goods.php ]
[ info ] [ LOG ] INIT File
[ error ] [8]未定义数组索引: id[D:\www\shuzheng\api\application\api\controller\Goods.php:80]
[ sql ] [ DB ] CONNECT:[ UseTime:0.128007s ] mysql:host=rm-wz91kpl7zfkkt2c7nbo.mysql.rds.aliyuncs.com;dbname=shuzheng_test;charset=utf8
[ sql ] [ SQL ] SHOW COLUMNS FROM `goods_type` [ RunTime:0.080005s ]
[ sql ] [ SQL ] INSERT INTO `goods_type` (`pid` , `type_name`) VALUES (1 , '调料类') [ RunTime:0.288017s ]
---------------------------------------------------------------
[ 2019-08-09T16:49:26+08:00 ] 127.0.0.1 POST /shuzheng/api/public/index.php/api/goods/editGoodsType
[ info ] 127.0.0.1/shuzheng/api/public/index.php/api/goods/editGoodsType [运行时间：0.425025s][吞吐率：2.35req/s] [内存消耗：2,100.71kb] [文件加载：54]
[ info ] [ LANG ] D:\www\shuzheng\api\thinkphp\lang\zh-cn.php
[ info ] [ ROUTE ] array (
  'type' => 'module',
  'module' => 
  array (
    0 => 'api',
    1 => 'goods',
    2 => 'editGoodsType',
  ),
)
[ info ] [ HEADER ] array (
  'connection' => 'close',
  'content-length' => '273',
  'content-type' => 'multipart/form-data; boundary=--------------------------347406624546716800227646',
  'accept-encoding' => 'gzip, deflate',
  'cookie' => 'PHPSESSID=8sbg6kqmt7mglv1opngabttvk3',
  'host' => '127.0.0.1',
  'accept' => '*/*',
  'user-agent' => 'PostmanRuntime/3.0.1',
  'postman-token' => '92254a13-d207-4937-a637-7368de9d8d1d',
  'cache-control' => 'no-cache',
)
[ info ] [ PARAM ] array (
  'type_name' => '碗具',
  'pid' => '2',
)
[ info ] [ DB ] INIT mysql
[ info ] [ RUN ] app\api\controller\Goods->editGoodsType[ D:\www\shuzheng\api\application\api\controller\Goods.php ]
[ info ] [ LOG ] INIT File
[ error ] [8]未定义数组索引: id[D:\www\shuzheng\api\application\api\controller\Goods.php:80]
[ sql ] [ DB ] CONNECT:[ UseTime:0.252015s ] mysql:host=rm-wz91kpl7zfkkt2c7nbo.mysql.rds.aliyuncs.com;dbname=shuzheng_test;charset=utf8
[ sql ] [ SQL ] SHOW COLUMNS FROM `goods_type` [ RunTime:0.070004s ]
[ sql ] [ SQL ] INSERT INTO `goods_type` (`pid` , `type_name`) VALUES (2 , '碗具') [ RunTime:0.077004s ]
---------------------------------------------------------------
[ 2019-08-09T16:49:41+08:00 ] 127.0.0.1 POST /shuzheng/api/public/index.php/api/goods/getGoodsType
[ info ] 127.0.0.1/shuzheng/api/public/index.php/api/goods/getGoodsType [运行时间：0.643037s][吞吐率：1.56req/s] [内存消耗：1,982.61kb] [文件加载：50]
[ info ] [ LANG ] D:\www\shuzheng\api\thinkphp\lang\zh-cn.php
[ info ] [ ROUTE ] array (
  'type' => 'module',
  'module' => 
  array (
    0 => 'api',
    1 => 'goods',
    2 => 'getGoodsType',
  ),
)
[ info ] [ HEADER ] array (
  'connection' => 'close',
  'content-length' => '273',
  'content-type' => 'multipart/form-data; boundary=--------------------------291846725137888752344140',
  'accept-encoding' => 'gzip, deflate',
  'cookie' => 'PHPSESSID=8sbg6kqmt7mglv1opngabttvk3',
  'host' => '127.0.0.1',
  'accept' => '*/*',
  'user-agent' => 'PostmanRuntime/3.0.1',
  'postman-token' => '7e702352-1bce-423c-aa50-cbc83d7fb8c0',
  'cache-control' => 'no-cache',
)
[ info ] [ PARAM ] array (
  'type_name' => '碗具',
  'pid' => '2',
)
[ info ] [ DB ] INIT mysql
[ info ] [ RUN ] app\api\controller\Goods->getGoodsType[ D:\www\shuzheng\api\application\api\controller\Goods.php ]
[ info ] [ LOG ] INIT File
[ sql ] [ DB ] CONNECT:[ UseTime:0.412024s ] mysql:host=rm-wz91kpl7zfkkt2c7nbo.mysql.rds.aliyuncs.com;dbname=shuzheng_test;charset=utf8
[ sql ] [ SQL ] SHOW COLUMNS FROM `goods_type` [ RunTime:0.085005s ]
[ sql ] [ SQL ] SELECT * FROM `goods_type` [ RunTime:0.117006s ]
[ error ] [8]未定义数组索引: id[D:\www\shuzheng\api\application\common.php:44]
[ error ] [8]未定义数组索引: id[D:\www\shuzheng\api\application\common.php:44]
---------------------------------------------------------------
[ 2019-08-09T16:52:10+08:00 ] 127.0.0.1 POST /shuzheng/api/public/index.php/api/goods/getGoodsType
[ info ] 127.0.0.1/shuzheng/api/public/index.php/api/goods/getGoodsType [运行时间：0.329019s][吞吐率：3.04req/s] [内存消耗：1,887.95kb] [文件加载：47]
[ info ] [ LANG ] D:\www\shuzheng\api\thinkphp\lang\zh-cn.php
[ info ] [ ROUTE ] array (
  'type' => 'module',
  'module' => 
  array (
    0 => 'api',
    1 => 'goods',
    2 => 'getGoodsType',
  ),
)
[ info ] [ HEADER ] array (
  'connection' => 'close',
  'content-length' => '273',
  'content-type' => 'multipart/form-data; boundary=--------------------------237628294838583273438844',
  'accept-encoding' => 'gzip, deflate',
  'cookie' => 'PHPSESSID=8sbg6kqmt7mglv1opngabttvk3',
  'host' => '127.0.0.1',
  'accept' => '*/*',
  'user-agent' => 'PostmanRuntime/3.0.1',
  'postman-token' => 'fedc32fa-0948-4ce2-98ae-b46288d02ae2',
  'cache-control' => 'no-cache',
)
[ info ] [ PARAM ] array (
  'type_name' => '碗具',
  'pid' => '2',
)
[ info ] [ DB ] INIT mysql
[ info ] [ RUN ] app\api\controller\Goods->getGoodsType[ D:\www\shuzheng\api\application\api\controller\Goods.php ]
[ info ] [ LOG ] INIT File
[ sql ] [ DB ] CONNECT:[ UseTime:0.155009s ] mysql:host=rm-wz91kpl7zfkkt2c7nbo.mysql.rds.aliyuncs.com;dbname=shuzheng_test;charset=utf8
[ sql ] [ SQL ] SHOW COLUMNS FROM `goods_type` [ RunTime:0.071004s ]
[ sql ] [ SQL ] SELECT * FROM `goods_type` [ RunTime:0.070004s ]
---------------------------------------------------------------
[ 2019-08-09T16:54:03+08:00 ] 127.0.0.1 POST /shuzheng/api/public/index.php/api/goods/getGoodsType
[ info ] 127.0.0.1/shuzheng/api/public/index.php/api/goods/getGoodsType [运行时间：0.566033s][吞吐率：1.77req/s] [内存消耗：1,888.95kb] [文件加载：47]
[ info ] [ LANG ] D:\www\shuzheng\api\thinkphp\lang\zh-cn.php
[ info ] [ ROUTE ] array (
  'type' => 'module',
  'module' => 
  array (
    0 => 'api',
    1 => 'goods',
    2 => 'getGoodsType',
  ),
)
[ info ] [ HEADER ] array (
  'connection' => 'close',
  'content-length' => '273',
  'content-type' => 'multipart/form-data; boundary=--------------------------126816508260219083490183',
  'accept-encoding' => 'gzip, deflate',
  'cookie' => 'PHPSESSID=8sbg6kqmt7mglv1opngabttvk3',
  'host' => '127.0.0.1',
  'accept' => '*/*',
  'user-agent' => 'PostmanRuntime/3.0.1',
  'postman-token' => '0c089b83-2814-4fbb-9486-67f5384c7036',
  'cache-control' => 'no-cache',
)
[ info ] [ PARAM ] array (
  'type_name' => '碗具',
  'pid' => '2',
)
[ info ] [ DB ] INIT mysql
[ info ] [ RUN ] app\api\controller\Goods->getGoodsType[ D:\www\shuzheng\api\application\api\controller\Goods.php ]
[ info ] [ LOG ] INIT File
[ sql ] [ DB ] CONNECT:[ UseTime:0.404023s ] mysql:host=rm-wz91kpl7zfkkt2c7nbo.mysql.rds.aliyuncs.com;dbname=shuzheng_test;charset=utf8
[ sql ] [ SQL ] SHOW COLUMNS FROM `goods_type` [ RunTime:0.068003s ]
[ sql ] [ SQL ] SELECT * FROM `goods_type` [ RunTime:0.068004s ]
---------------------------------------------------------------
[ 2019-08-09T17:11:55+08:00 ] 127.0.0.1 POST /shuzheng/api/public/index.php/api/goods/getGoodsType
[ info ] 127.0.0.1/shuzheng/api/public/index.php/api/goods/getGoodsType [运行时间：0.350020s][吞吐率：2.86req/s] [内存消耗：1,888.67kb] [文件加载：47]
[ info ] [ LANG ] D:\www\shuzheng\api\thinkphp\lang\zh-cn.php
[ info ] [ ROUTE ] array (
  'type' => 'module',
  'module' => 
  array (
    0 => 'api',
    1 => 'goods',
    2 => 'getGoodsType',
  ),
)
[ info ] [ HEADER ] array (
  'connection' => 'close',
  'content-length' => '273',
  'content-type' => 'multipart/form-data; boundary=--------------------------469078829525443115529033',
  'accept-encoding' => 'gzip, deflate',
  'cookie' => 'PHPSESSID=8sbg6kqmt7mglv1opngabttvk3',
  'host' => '127.0.0.1',
  'accept' => '*/*',
  'user-agent' => 'PostmanRuntime/3.0.1',
  'postman-token' => '2bb214c3-cd14-47aa-aead-88558666ac6b',
  'cache-control' => 'no-cache',
)
[ info ] [ PARAM ] array (
  'type_name' => '碗具',
  'pid' => '2',
)
[ info ] [ DB ] INIT mysql
[ info ] [ RUN ] app\api\controller\Goods->getGoodsType[ D:\www\shuzheng\api\application\api\controller\Goods.php ]
[ info ] [ LOG ] INIT File
[ sql ] [ DB ] CONNECT:[ UseTime:0.168010s ] mysql:host=rm-wz91kpl7zfkkt2c7nbo.mysql.rds.aliyuncs.com;dbname=shuzheng_test;charset=utf8
[ sql ] [ SQL ] SHOW COLUMNS FROM `goods_type` [ RunTime:0.074004s ]
[ sql ] [ SQL ] SELECT * FROM `goods_type` [ RunTime:0.075005s ]
---------------------------------------------------------------
[ 2019-08-09T17:24:36+08:00 ] 127.0.0.1 POST /shuzheng/api/public/index.php/api/goods/getGoodsType
[ info ] 127.0.0.1/shuzheng/api/public/index.php/api/goods/getGoodsType [运行时间：0.526030s][吞吐率：1.90req/s] [内存消耗：1,889.24kb] [文件加载：47]
[ info ] [ LANG ] D:\www\shuzheng\api\thinkphp\lang\zh-cn.php
[ info ] [ ROUTE ] array (
  'type' => 'module',
  'module' => 
  array (
    0 => 'api',
    1 => 'goods',
    2 => 'getGoodsType',
  ),
)
[ info ] [ HEADER ] array (
  'connection' => 'close',
  'content-length' => '273',
  'content-type' => 'multipart/form-data; boundary=--------------------------602837207060068271086349',
  'accept-encoding' => 'gzip, deflate',
  'cookie' => 'PHPSESSID=8sbg6kqmt7mglv1opngabttvk3',
  'host' => '127.0.0.1',
  'accept' => '*/*',
  'user-agent' => 'PostmanRuntime/3.0.1',
  'postman-token' => '3074733f-4506-48d7-9c5c-054c1e72f90a',
  'cache-control' => 'no-cache',
)
[ info ] [ PARAM ] array (
  'type_name' => '碗具',
  'pid' => '2',
)
[ info ] [ DB ] INIT mysql
[ info ] [ RUN ] app\api\controller\Goods->getGoodsType[ D:\www\shuzheng\api\application\api\controller\Goods.php ]
[ info ] [ LOG ] INIT File
[ sql ] [ DB ] CONNECT:[ UseTime:0.349020s ] mysql:host=rm-wz91kpl7zfkkt2c7nbo.mysql.rds.aliyuncs.com;dbname=shuzheng_test;charset=utf8
[ sql ] [ SQL ] SHOW COLUMNS FROM `goods_type` [ RunTime:0.075004s ]
[ sql ] [ SQL ] SELECT * FROM `goods_type` [ RunTime:0.074005s ]
---------------------------------------------------------------
[ 2019-08-09T17:25:11+08:00 ] 127.0.0.1 POST /shuzheng/api/public/index.php/api/goods/getGoodsType
[ info ] 127.0.0.1/shuzheng/api/public/index.php/api/goods/getGoodsType [运行时间：0.457027s][吞吐率：2.19req/s] [内存消耗：1,888.92kb] [文件加载：47]
[ info ] [ LANG ] D:\www\shuzheng\api\thinkphp\lang\zh-cn.php
[ info ] [ ROUTE ] array (
  'type' => 'module',
  'module' => 
  array (
    0 => 'api',
    1 => 'goods',
    2 => 'getGoodsType',
  ),
)
[ info ] [ HEADER ] array (
  'connection' => 'close',
  'content-length' => '273',
  'content-type' => 'multipart/form-data; boundary=--------------------------244551308286081769771656',
  'accept-encoding' => 'gzip, deflate',
  'cookie' => 'PHPSESSID=8sbg6kqmt7mglv1opngabttvk3',
  'host' => '127.0.0.1',
  'accept' => '*/*',
  'user-agent' => 'PostmanRuntime/3.0.1',
  'postman-token' => '4e5e6f4f-9f64-4e61-9c92-5f09a6fb066d',
  'cache-control' => 'no-cache',
)
[ info ] [ PARAM ] array (
  'type_name' => '碗具',
  'pid' => '2',
)
[ info ] [ DB ] INIT mysql
[ info ] [ RUN ] app\api\controller\Goods->getGoodsType[ D:\www\shuzheng\api\application\api\controller\Goods.php ]
[ info ] [ LOG ] INIT File
[ sql ] [ DB ] CONNECT:[ UseTime:0.112007s ] mysql:host=rm-wz91kpl7zfkkt2c7nbo.mysql.rds.aliyuncs.com;dbname=shuzheng_test;charset=utf8
[ sql ] [ SQL ] SHOW COLUMNS FROM `goods_type` [ RunTime:0.074004s ]
[ sql ] [ SQL ] SELECT * FROM `goods_type` [ RunTime:0.249014s ]
---------------------------------------------------------------
[ 2019-08-09T17:25:38+08:00 ] 127.0.0.1 POST /shuzheng/api/public/index.php/api/goods/getGoodsType
[ info ] 127.0.0.1/shuzheng/api/public/index.php/api/goods/getGoodsType [运行时间：0.552032s][吞吐率：1.81req/s] [内存消耗：1,887.68kb] [文件加载：47]
[ info ] [ LANG ] D:\www\shuzheng\api\thinkphp\lang\zh-cn.php
[ info ] [ ROUTE ] array (
  'type' => 'module',
  'module' => 
  array (
    0 => 'api',
    1 => 'goods',
    2 => 'getGoodsType',
  ),
)
[ info ] [ HEADER ] array (
  'connection' => 'close',
  'content-length' => '273',
  'content-type' => 'multipart/form-data; boundary=--------------------------578876723817852064368020',
  'accept-encoding' => 'gzip, deflate',
  'cookie' => 'PHPSESSID=8sbg6kqmt7mglv1opngabttvk3',
  'host' => '127.0.0.1',
  'accept' => '*/*',
  'user-agent' => 'PostmanRuntime/3.0.1',
  'postman-token' => '88042274-0632-48af-9a33-074e848bd19e',
  'cache-control' => 'no-cache',
)
[ info ] [ PARAM ] array (
  'type_name' => '碗具',
  'pid' => '2',
)
[ info ] [ DB ] INIT mysql
[ info ] [ RUN ] app\api\controller\Goods->getGoodsType[ D:\www\shuzheng\api\application\api\controller\Goods.php ]
[ info ] [ LOG ] INIT File
[ sql ] [ DB ] CONNECT:[ UseTime:0.374021s ] mysql:host=rm-wz91kpl7zfkkt2c7nbo.mysql.rds.aliyuncs.com;dbname=shuzheng_test;charset=utf8
[ sql ] [ SQL ] SHOW COLUMNS FROM `goods_type` [ RunTime:0.078005s ]
[ sql ] [ SQL ] SELECT * FROM `goods_type` [ RunTime:0.078004s ]
---------------------------------------------------------------
[ 2019-08-09T17:39:32+08:00 ] 127.0.0.1 POST /shuzheng/api/public/index.php/api/goods/getGoodsType
[ info ] 127.0.0.1/shuzheng/api/public/index.php/api/goods/getGoodsType [运行时间：0.361020s][吞吐率：2.77req/s] [内存消耗：1,888.25kb] [文件加载：47]
[ info ] [ LANG ] D:\www\shuzheng\api\thinkphp\lang\zh-cn.php
[ info ] [ ROUTE ] array (
  'type' => 'module',
  'module' => 
  array (
    0 => 'api',
    1 => 'goods',
    2 => 'getGoodsType',
  ),
)
[ info ] [ HEADER ] array (
  'connection' => 'close',
  'content-length' => '273',
  'content-type' => 'multipart/form-data; boundary=--------------------------632842698092855968754783',
  'accept-encoding' => 'gzip, deflate',
  'cookie' => 'PHPSESSID=8sbg6kqmt7mglv1opngabttvk3',
  'host' => '127.0.0.1',
  'accept' => '*/*',
  'user-agent' => 'PostmanRuntime/3.0.1',
  'postman-token' => '63b4127e-247b-4732-98b2-8636a7dd6223',
  'cache-control' => 'no-cache',
)
[ info ] [ PARAM ] array (
  'type_name' => '碗具',
  'pid' => '2',
)
[ info ] [ DB ] INIT mysql
[ info ] [ RUN ] app\api\controller\Goods->getGoodsType[ D:\www\shuzheng\api\application\api\controller\Goods.php ]
[ info ] [ LOG ] INIT File
[ sql ] [ DB ] CONNECT:[ UseTime:0.170010s ] mysql:host=rm-wz91kpl7zfkkt2c7nbo.mysql.rds.aliyuncs.com;dbname=shuzheng_test;charset=utf8
[ sql ] [ SQL ] SHOW COLUMNS FROM `goods_type` [ RunTime:0.079004s ]
[ sql ] [ SQL ] SELECT * FROM `goods_type` [ RunTime:0.079005s ]
---------------------------------------------------------------
[ 2019-08-09T17:40:18+08:00 ] 127.0.0.1 POST /shuzheng/api/public/index.php/api/goods/getGoodsType
[ info ] 127.0.0.1/shuzheng/api/public/index.php/api/goods/getGoodsType [运行时间：0.310018s][吞吐率：3.23req/s] [内存消耗：1,889.41kb] [文件加载：47]
[ info ] [ LANG ] D:\www\shuzheng\api\thinkphp\lang\zh-cn.php
[ info ] [ ROUTE ] array (
  'type' => 'module',
  'module' => 
  array (
    0 => 'api',
    1 => 'goods',
    2 => 'getGoodsType',
  ),
)
[ info ] [ HEADER ] array (
  'connection' => 'close',
  'content-length' => '273',
  'content-type' => 'multipart/form-data; boundary=--------------------------415502378194431356734494',
  'accept-encoding' => 'gzip, deflate',
  'cookie' => 'PHPSESSID=8sbg6kqmt7mglv1opngabttvk3',
  'host' => '127.0.0.1',
  'accept' => '*/*',
  'user-agent' => 'PostmanRuntime/3.0.1',
  'postman-token' => '766d49c8-5e0d-417c-8948-8c3ca7fe78a7',
  'cache-control' => 'no-cache',
)
[ info ] [ PARAM ] array (
  'type_name' => '碗具',
  'pid' => '2',
)
[ info ] [ DB ] INIT mysql
[ info ] [ RUN ] app\api\controller\Goods->getGoodsType[ D:\www\shuzheng\api\application\api\controller\Goods.php ]
[ info ] [ LOG ] INIT File
[ sql ] [ DB ] CONNECT:[ UseTime:0.112007s ] mysql:host=rm-wz91kpl7zfkkt2c7nbo.mysql.rds.aliyuncs.com;dbname=shuzheng_test;charset=utf8
[ sql ] [ SQL ] SHOW COLUMNS FROM `goods_type` [ RunTime:0.075004s ]
[ sql ] [ SQL ] SELECT * FROM `goods_type` [ RunTime:0.100006s ]
---------------------------------------------------------------
[ 2019-08-09T17:40:57+08:00 ] 127.0.0.1 POST /shuzheng/api/public/index.php/api/goods/getGoodsType
[ info ] 127.0.0.1/shuzheng/api/public/index.php/api/goods/getGoodsType [运行时间：0.492028s][吞吐率：2.03req/s] [内存消耗：2,007.77kb] [文件加载：50]
[ info ] [ LANG ] D:\www\shuzheng\api\thinkphp\lang\zh-cn.php
[ info ] [ ROUTE ] array (
  'type' => 'module',
  'module' => 
  array (
    0 => 'api',
    1 => 'goods',
    2 => 'getGoodsType',
  ),
)
[ info ] [ HEADER ] array (
  'connection' => 'close',
  'content-length' => '273',
  'content-type' => 'multipart/form-data; boundary=--------------------------574617303028948856816300',
  'accept-encoding' => 'gzip, deflate',
  'cookie' => 'PHPSESSID=8sbg6kqmt7mglv1opngabttvk3',
  'host' => '127.0.0.1',
  'accept' => '*/*',
  'user-agent' => 'PostmanRuntime/3.0.1',
  'postman-token' => '31e133af-ff6c-4263-92af-4f94bbc0f186',
  'cache-control' => 'no-cache',
)
[ info ] [ PARAM ] array (
  'type_name' => '碗具',
  'pid' => '2',
)
[ info ] [ DB ] INIT mysql
[ info ] [ RUN ] app\api\controller\Goods->getGoodsType[ D:\www\shuzheng\api\application\api\controller\Goods.php ]
[ info ] [ LOG ] INIT File
[ sql ] [ DB ] CONNECT:[ UseTime:0.127007s ] mysql:host=rm-wz91kpl7zfkkt2c7nbo.mysql.rds.aliyuncs.com;dbname=shuzheng_test;charset=utf8
[ sql ] [ SQL ] SHOW COLUMNS FROM `goods_type` [ RunTime:0.250014s ]
[ sql ] [ SQL ] SELECT * FROM `goods_type` [ RunTime:0.090005s ]
