---------------------------------------------------------------
[ 2019-08-13T11:00:42+08:00 ] 127.0.0.1 POST /shuzheng/api/public/index.php/api/PurchaseOrder/edit
[ info ] 127.0.0.1/shuzheng/api/public/index.php/api/PurchaseOrder/edit [运行时间：0.288016s][吞吐率：3.47req/s] [内存消耗：1,101.59kb] [文件加载：40]
[ info ] [ LANG ] D:\www\shuzheng\api\thinkphp\lang\zh-cn.php
[ info ] [ ROUTE ] array (
  'type' => 'module',
  'module' => 
  array (
    0 => 'api',
    1 => 'PurchaseOrder',
    2 => 'edit',
  ),
)
[ info ] [ HEADER ] array (
  'connection' => 'close',
  'content-length' => '0',
  'accept-encoding' => 'gzip, deflate',
  'cookie' => 'PHPSESSID=8sbg6kqmt7mglv1opngabttvk3',
  'host' => '127.0.0.1',
  'accept' => '*/*',
  'user-agent' => 'PostmanRuntime/3.0.1',
  'postman-token' => '3dec9463-0d4c-4c93-837f-7fbe22b5d8a2',
  'cache-control' => 'no-cache',
)
[ info ] [ PARAM ] array (
)
[ info ] [ LOG ] INIT File
---------------------------------------------------------------
[ 2019-08-13T11:01:58+08:00 ] 127.0.0.1 POST /shuzheng/api/public/index.php/api/goods/edit
[ info ] 127.0.0.1/shuzheng/api/public/index.php/api/goods/edit [运行时间：0.109006s][吞吐率：9.17req/s] [内存消耗：1,857.75kb] [文件加载：49]
[ info ] [ LANG ] D:\www\shuzheng\api\thinkphp\lang\zh-cn.php
[ info ] [ ROUTE ] array (
  'type' => 'module',
  'module' => 
  array (
    0 => 'api',
    1 => 'goods',
    2 => 'edit',
  ),
)
[ info ] [ HEADER ] array (
  'connection' => 'close',
  'content-length' => '0',
  'accept-encoding' => 'gzip, deflate',
  'cookie' => 'PHPSESSID=8sbg6kqmt7mglv1opngabttvk3',
  'host' => '127.0.0.1',
  'accept' => '*/*',
  'user-agent' => 'PostmanRuntime/3.0.1',
  'postman-token' => '487e9423-8775-4b30-ad64-b6cc77ff69d1',
  'cache-control' => 'no-cache',
)
[ info ] [ PARAM ] array (
)
[ info ] [ DB ] INIT mysql
[ info ] [ LOG ] INIT File
---------------------------------------------------------------
[ 2019-08-13T11:03:11+08:00 ] 127.0.0.1 POST /shuzheng/api/public/index.php/api/goods/edit
[ info ] 127.0.0.1/shuzheng/api/public/index.php/api/goods/edit [运行时间：0.022001s][吞吐率：45.45req/s] [内存消耗：1,857.75kb] [文件加载：49]
[ info ] [ LANG ] D:\www\shuzheng\api\thinkphp\lang\zh-cn.php
[ info ] [ ROUTE ] array (
  'type' => 'module',
  'module' => 
  array (
    0 => 'api',
    1 => 'goods',
    2 => 'edit',
  ),
)
[ info ] [ HEADER ] array (
  'connection' => 'close',
  'content-length' => '0',
  'accept-encoding' => 'gzip, deflate',
  'cookie' => 'PHPSESSID=8sbg6kqmt7mglv1opngabttvk3',
  'host' => '127.0.0.1',
  'accept' => '*/*',
  'user-agent' => 'PostmanRuntime/3.0.1',
  'postman-token' => '55e6564b-d1ba-4d8f-b5b6-4dcc09686a3b',
  'cache-control' => 'no-cache',
)
[ info ] [ PARAM ] array (
)
[ info ] [ DB ] INIT mysql
[ info ] [ LOG ] INIT File
---------------------------------------------------------------
[ 2019-08-13T11:03:31+08:00 ] 127.0.0.1 POST /shuzheng/api/public/index.php/api/goods/getGoodsLists
[ info ] 127.0.0.1/shuzheng/api/public/index.php/api/goods/getGoodsLists [运行时间：0.853049s][吞吐率：1.17req/s] [内存消耗：2,045.36kb] [文件加载：54]
[ info ] [ LANG ] D:\www\shuzheng\api\thinkphp\lang\zh-cn.php
[ info ] [ ROUTE ] array (
  'type' => 'module',
  'module' => 
  array (
    0 => 'api',
    1 => 'goods',
    2 => 'getGoodsLists',
  ),
)
[ info ] [ HEADER ] array (
  'connection' => 'close',
  'content-length' => '0',
  'accept-encoding' => 'gzip, deflate',
  'cookie' => 'PHPSESSID=8sbg6kqmt7mglv1opngabttvk3',
  'host' => '127.0.0.1',
  'accept' => '*/*',
  'user-agent' => 'PostmanRuntime/3.0.1',
  'postman-token' => '2b81604e-0c42-4b52-be0b-3aa160589461',
  'cache-control' => 'no-cache',
)
[ info ] [ PARAM ] array (
)
[ info ] [ DB ] INIT mysql
[ info ] [ RUN ] app\api\controller\Goods->getGoodsLists[ D:\www\shuzheng\api\application\api\controller\Goods.php ]
[ info ] [ LOG ] INIT File
[ error ] [8]未定义数组索引: page[D:\www\shuzheng\api\application\api\controller\Base.php:31]
[ error ] [8]未定义数组索引: limit[D:\www\shuzheng\api\application\api\controller\Base.php:31]
[ sql ] [ DB ] CONNECT:[ UseTime:0.194012s ] mysql:host=rm-wz91kpl7zfkkt2c7nbo.mysql.rds.aliyuncs.com;dbname=shuzheng_test;charset=utf8
[ sql ] [ SQL ] SHOW COLUMNS FROM `goods` [ RunTime:0.079005s ]
[ sql ] [ SQL ] SELECT COUNT(*) AS tp_count FROM `goods` WHERE  `status` = 1 LIMIT 1 [ RunTime:0.389022s ]
[ sql ] [ SQL ] SELECT * FROM `goods` WHERE  `status` = 1 LIMIT 0,20 [ RunTime:0.111006s ]
---------------------------------------------------------------
[ 2019-08-13T11:03:52+08:00 ] 127.0.0.1 POST /shuzheng/api/public/index.php/api/PurchaseOrder/edit
[ info ] 127.0.0.1/shuzheng/api/public/index.php/api/PurchaseOrder/edit [运行时间：0.014001s][吞吐率：71.42req/s] [内存消耗：1,101.02kb] [文件加载：40]
[ info ] [ LANG ] D:\www\shuzheng\api\thinkphp\lang\zh-cn.php
[ info ] [ ROUTE ] array (
  'type' => 'module',
  'module' => 
  array (
    0 => 'api',
    1 => 'PurchaseOrder',
    2 => 'edit',
  ),
)
[ info ] [ HEADER ] array (
  'connection' => 'close',
  'content-length' => '0',
  'accept-encoding' => 'gzip, deflate',
  'cookie' => 'PHPSESSID=8sbg6kqmt7mglv1opngabttvk3',
  'host' => '127.0.0.1',
  'accept' => '*/*',
  'user-agent' => 'PostmanRuntime/3.0.1',
  'postman-token' => 'bed224db-9089-42c1-8315-0d03e1086be7',
  'cache-control' => 'no-cache',
)
[ info ] [ PARAM ] array (
)
[ info ] [ LOG ] INIT File
---------------------------------------------------------------
[ 2019-08-13T11:04:04+08:00 ] 127.0.0.1 POST /shuzheng/api/public/index.php/api/PurchaseOrder/edit
[ info ] 127.0.0.1/shuzheng/api/public/index.php/api/PurchaseOrder/edit [运行时间：0.016000s][吞吐率：62.50req/s] [内存消耗：1,101.02kb] [文件加载：40]
[ info ] [ LANG ] D:\www\shuzheng\api\thinkphp\lang\zh-cn.php
[ info ] [ ROUTE ] array (
  'type' => 'module',
  'module' => 
  array (
    0 => 'api',
    1 => 'PurchaseOrder',
    2 => 'edit',
  ),
)
[ info ] [ HEADER ] array (
  'connection' => 'close',
  'content-length' => '0',
  'accept-encoding' => 'gzip, deflate',
  'cookie' => 'PHPSESSID=8sbg6kqmt7mglv1opngabttvk3',
  'host' => '127.0.0.1',
  'accept' => '*/*',
  'user-agent' => 'PostmanRuntime/3.0.1',
  'postman-token' => '3894ad44-0e25-43a8-83dc-a5a5569c7e2a',
  'cache-control' => 'no-cache',
)
[ info ] [ PARAM ] array (
)
[ info ] [ LOG ] INIT File
---------------------------------------------------------------
[ 2019-08-13T11:04:27+08:00 ] 127.0.0.1 POST /shuzheng/api/public/index.php/api/PurchaseOrder/edit
[ info ] 127.0.0.1/shuzheng/api/public/index.php/api/PurchaseOrder/edit [运行时间：0.013001s][吞吐率：76.92req/s] [内存消耗：1,101.02kb] [文件加载：40]
[ info ] [ LANG ] D:\www\shuzheng\api\thinkphp\lang\zh-cn.php
[ info ] [ ROUTE ] array (
  'type' => 'module',
  'module' => 
  array (
    0 => 'api',
    1 => 'PurchaseOrder',
    2 => 'edit',
  ),
)
[ info ] [ HEADER ] array (
  'connection' => 'close',
  'content-length' => '0',
  'accept-encoding' => 'gzip, deflate',
  'cookie' => 'PHPSESSID=8sbg6kqmt7mglv1opngabttvk3',
  'host' => '127.0.0.1',
  'accept' => '*/*',
  'user-agent' => 'PostmanRuntime/3.0.1',
  'postman-token' => '17b1ec88-5a41-4dd9-8c89-913c5c29ba30',
  'cache-control' => 'no-cache',
)
[ info ] [ PARAM ] array (
)
[ info ] [ LOG ] INIT File
---------------------------------------------------------------
[ 2019-08-13T11:04:54+08:00 ] 127.0.0.1 POST /shuzheng/api/public/index.php/api/PurchaseOrder/aaaa
[ info ] 127.0.0.1/shuzheng/api/public/index.php/api/PurchaseOrder/aaaa [运行时间：0.016001s][吞吐率：62.50req/s] [内存消耗：1,101.02kb] [文件加载：40]
[ info ] [ LANG ] D:\www\shuzheng\api\thinkphp\lang\zh-cn.php
[ info ] [ ROUTE ] array (
  'type' => 'module',
  'module' => 
  array (
    0 => 'api',
    1 => 'PurchaseOrder',
    2 => 'aaaa',
  ),
)
[ info ] [ HEADER ] array (
  'connection' => 'close',
  'content-length' => '0',
  'accept-encoding' => 'gzip, deflate',
  'cookie' => 'PHPSESSID=8sbg6kqmt7mglv1opngabttvk3',
  'host' => '127.0.0.1',
  'accept' => '*/*',
  'user-agent' => 'PostmanRuntime/3.0.1',
  'postman-token' => '1ec6453c-1a7c-4130-90ff-0f26315e993e',
  'cache-control' => 'no-cache',
)
[ info ] [ PARAM ] array (
)
[ info ] [ LOG ] INIT File
---------------------------------------------------------------
[ 2019-08-13T11:05:00+08:00 ] 127.0.0.1 POST /shuzheng/api/public/index.php/api/purchaseOrder/aaaa
[ info ] 127.0.0.1/shuzheng/api/public/index.php/api/purchaseOrder/aaaa [运行时间：0.015000s][吞吐率：66.67req/s] [内存消耗：1,101.02kb] [文件加载：40]
[ info ] [ LANG ] D:\www\shuzheng\api\thinkphp\lang\zh-cn.php
[ info ] [ ROUTE ] array (
  'type' => 'module',
  'module' => 
  array (
    0 => 'api',
    1 => 'purchaseOrder',
    2 => 'aaaa',
  ),
)
[ info ] [ HEADER ] array (
  'connection' => 'close',
  'content-length' => '0',
  'accept-encoding' => 'gzip, deflate',
  'cookie' => 'PHPSESSID=8sbg6kqmt7mglv1opngabttvk3',
  'host' => '127.0.0.1',
  'accept' => '*/*',
  'user-agent' => 'PostmanRuntime/3.0.1',
  'postman-token' => 'f2b798d7-a650-4ce1-aad8-e9559cfa0a9a',
  'cache-control' => 'no-cache',
)
[ info ] [ PARAM ] array (
)
[ info ] [ LOG ] INIT File
---------------------------------------------------------------
[ 2019-08-13T11:05:37+08:00 ] 127.0.0.1 POST /shuzheng/api/public/index.php/api/purchaseOrder/edit
[ info ] 127.0.0.1/shuzheng/api/public/index.php/api/purchaseOrder/edit [运行时间：0.016001s][吞吐率：62.50req/s] [内存消耗：1,101.02kb] [文件加载：40]
[ info ] [ LANG ] D:\www\shuzheng\api\thinkphp\lang\zh-cn.php
[ info ] [ ROUTE ] array (
  'type' => 'module',
  'module' => 
  array (
    0 => 'api',
    1 => 'purchaseOrder',
    2 => 'edit',
  ),
)
[ info ] [ HEADER ] array (
  'connection' => 'close',
  'content-length' => '0',
  'accept-encoding' => 'gzip, deflate',
  'cookie' => 'PHPSESSID=8sbg6kqmt7mglv1opngabttvk3',
  'host' => '127.0.0.1',
  'accept' => '*/*',
  'user-agent' => 'PostmanRuntime/3.0.1',
  'postman-token' => '055013ba-0710-40ef-b71e-ef2ff8eca91e',
  'cache-control' => 'no-cache',
)
[ info ] [ PARAM ] array (
)
[ info ] [ LOG ] INIT File
---------------------------------------------------------------
[ 2019-08-13T11:10:17+08:00 ] 127.0.0.1 POST /shuzheng/api/public/index.php/api/purchase_order/edit
[ info ] 127.0.0.1/shuzheng/api/public/index.php/api/purchase_order/edit [运行时间：0.867050s][吞吐率：1.15req/s] [内存消耗：1,741.39kb] [文件加载：49]
[ info ] [ LANG ] D:\www\shuzheng\api\thinkphp\lang\zh-cn.php
[ info ] [ ROUTE ] array (
  'type' => 'module',
  'module' => 
  array (
    0 => 'api',
    1 => 'purchase_order',
    2 => 'edit',
  ),
)
[ info ] [ HEADER ] array (
  'connection' => 'close',
  'content-length' => '0',
  'accept-encoding' => 'gzip, deflate',
  'cookie' => 'PHPSESSID=8sbg6kqmt7mglv1opngabttvk3',
  'host' => '127.0.0.1',
  'accept' => '*/*',
  'user-agent' => 'PostmanRuntime/3.0.1',
  'postman-token' => '2da0dd24-3b3b-4f6b-848a-a8ae9eefd1ce',
  'cache-control' => 'no-cache',
)
[ info ] [ PARAM ] array (
)
[ info ] [ DB ] INIT mysql
[ info ] [ RUN ] app\api\controller\PurchaseOrder->edit[ D:\www\shuzheng\api\application\api\controller\PurchaseOrder.php ]
[ info ] [ LOG ] INIT File
[ error ] [8]未定义数组索引: remark[D:\www\shuzheng\api\application\common\service\PurchaseOrderService.php:35]
[ error ] [8]未定义数组索引: data[D:\www\shuzheng\api\application\common\service\PurchaseOrderService.php:42]
[ error ] [2]Invalid argument supplied for foreach()[D:\www\shuzheng\api\application\common\service\PurchaseOrderService.php:42]
[ error ] [8]未定义数组索引: order_id[D:\www\shuzheng\api\application\common\service\PurchaseOrderService.php:57]
[ sql ] [ DB ] CONNECT:[ UseTime:0.247014s ] mysql:host=rm-wz91kpl7zfkkt2c7nbo.mysql.rds.aliyuncs.com;dbname=shuzheng_test;charset=utf8
[ sql ] [ SQL ] SHOW COLUMNS FROM `purchase_order` [ RunTime:0.069004s ]
[ sql ] [ SQL ] INSERT INTO `purchase_order` (`remark` , `status` , `total_count` , `total_amount` , `batch_no`) VALUES (NULL , 'apply' , 0 , 0 , '201908131110164575') [ RunTime:0.249014s ]
[ sql ] [ SQL ] SHOW COLUMNS FROM `purchase_order_detail` [ RunTime:0.069004s ]
[ sql ] [ SQL ] DELETE FROM `purchase_order_detail`    WHERE  `order_id` = 1 [ RunTime:0.068004s ]
---------------------------------------------------------------
[ 2019-08-13T11:11:22+08:00 ] 127.0.0.1 POST /shuzheng/api/public/index.php/api/PurchaseOrder/edit
[ info ] 127.0.0.1/shuzheng/api/public/index.php/api/PurchaseOrder/edit [运行时间：0.912052s][吞吐率：1.10req/s] [内存消耗：1,741.39kb] [文件加载：49]
[ info ] [ LANG ] D:\www\shuzheng\api\thinkphp\lang\zh-cn.php
[ info ] [ ROUTE ] array (
  'type' => 'module',
  'module' => 
  array (
    0 => 'api',
    1 => 'PurchaseOrder',
    2 => 'edit',
  ),
)
[ info ] [ HEADER ] array (
  'connection' => 'close',
  'content-length' => '0',
  'accept-encoding' => 'gzip, deflate',
  'cookie' => 'PHPSESSID=8sbg6kqmt7mglv1opngabttvk3',
  'host' => '127.0.0.1',
  'accept' => '*/*',
  'user-agent' => 'PostmanRuntime/3.0.1',
  'postman-token' => 'bd942ff9-a1bf-40a4-b3b2-51825900593f',
  'cache-control' => 'no-cache',
)
[ info ] [ PARAM ] array (
)
[ info ] [ DB ] INIT mysql
[ info ] [ RUN ] app\api\controller\PurchaseOrder->edit[ D:\www\shuzheng\api\application\api\controller\PurchaseOrder.php ]
[ info ] [ LOG ] INIT File
[ error ] [8]未定义数组索引: remark[D:\www\shuzheng\api\application\common\service\PurchaseOrderService.php:35]
[ error ] [8]未定义数组索引: data[D:\www\shuzheng\api\application\common\service\PurchaseOrderService.php:42]
[ error ] [2]Invalid argument supplied for foreach()[D:\www\shuzheng\api\application\common\service\PurchaseOrderService.php:42]
[ error ] [8]未定义数组索引: order_id[D:\www\shuzheng\api\application\common\service\PurchaseOrderService.php:57]
[ sql ] [ DB ] CONNECT:[ UseTime:0.204012s ] mysql:host=rm-wz91kpl7zfkkt2c7nbo.mysql.rds.aliyuncs.com;dbname=shuzheng_test;charset=utf8
[ sql ] [ SQL ] SHOW COLUMNS FROM `purchase_order` [ RunTime:0.073004s ]
[ sql ] [ SQL ] INSERT INTO `purchase_order` (`remark` , `status` , `total_count` , `total_amount` , `batch_no`) VALUES (NULL , 'apply' , 0 , 0 , '201908131111216429') [ RunTime:0.379022s ]
[ sql ] [ SQL ] SHOW COLUMNS FROM `purchase_order_detail` [ RunTime:0.074004s ]
[ sql ] [ SQL ] DELETE FROM `purchase_order_detail`    WHERE  `order_id` = 2 [ RunTime:0.072004s ]
---------------------------------------------------------------
[ 2019-08-13T11:16:33+08:00 ] 127.0.0.1 POST /shuzheng/api/public/index.php/api/PurchaseOrder/edit
[ info ] 127.0.0.1/shuzheng/api/public/index.php/api/PurchaseOrder/edit [运行时间：0.021001s][吞吐率：47.62req/s] [内存消耗：1,682.34kb] [文件加载：46]
[ info ] [ LANG ] D:\www\shuzheng\api\thinkphp\lang\zh-cn.php
[ info ] [ ROUTE ] array (
  'type' => 'module',
  'module' => 
  array (
    0 => 'api',
    1 => 'PurchaseOrder',
    2 => 'edit',
  ),
)
[ info ] [ HEADER ] array (
  'connection' => 'close',
  'content-length' => '541',
  'content-type' => 'multipart/form-data; boundary=--------------------------630799405689542366598753',
  'accept-encoding' => 'gzip, deflate',
  'cookie' => 'PHPSESSID=8sbg6kqmt7mglv1opngabttvk3',
  'host' => '127.0.0.1',
  'accept' => '*/*',
  'user-agent' => 'PostmanRuntime/3.0.1',
  'postman-token' => '66cc3680-2272-4779-b4a1-7323fca78de3',
  'cache-control' => 'no-cache',
)
[ info ] [ PARAM ] array (
  'remark' => '库存告急，急需采购',
  'data' => 
  array (
    0 => 
    array (
      'goods_id' => '1',
      'amount' => '10',
      'unit_price' => '38',
    ),
  ),
)
[ info ] [ DB ] INIT mysql
[ info ] [ RUN ] app\api\controller\PurchaseOrder->edit[ D:\www\shuzheng\api\application\api\controller\PurchaseOrder.php ]
[ info ] [ LOG ] INIT File
---------------------------------------------------------------
[ 2019-08-13T11:17:20+08:00 ] 127.0.0.1 POST /shuzheng/api/public/index.php/api/PurchaseOrder/edit
[ info ] 127.0.0.1/shuzheng/api/public/index.php/api/PurchaseOrder/edit [运行时间：0.020001s][吞吐率：50.00req/s] [内存消耗：1,625.33kb] [文件加载：43]
[ info ] [ LANG ] D:\www\shuzheng\api\thinkphp\lang\zh-cn.php
[ info ] [ ROUTE ] array (
  'type' => 'module',
  'module' => 
  array (
    0 => 'api',
    1 => 'PurchaseOrder',
    2 => 'edit',
  ),
)
[ info ] [ HEADER ] array (
  'connection' => 'close',
  'content-length' => '541',
  'content-type' => 'multipart/form-data; boundary=--------------------------020223331189283923963622',
  'accept-encoding' => 'gzip, deflate',
  'cookie' => 'PHPSESSID=8sbg6kqmt7mglv1opngabttvk3',
  'host' => '127.0.0.1',
  'accept' => '*/*',
  'user-agent' => 'PostmanRuntime/3.0.1',
  'postman-token' => '7d382026-3e46-4bae-b5c1-1681a96fbcb6',
  'cache-control' => 'no-cache',
)
[ info ] [ PARAM ] array (
  'remark' => '库存告急，急需采购',
  'data' => 
  array (
    0 => 
    array (
      'goods_id' => '1',
      'amount' => '10',
      'unit_price' => '38',
    ),
  ),
)
[ info ] [ DB ] INIT mysql
[ info ] [ RUN ] app\api\controller\PurchaseOrder->edit[ D:\www\shuzheng\api\application\api\controller\PurchaseOrder.php ]
[ info ] [ LOG ] INIT File
---------------------------------------------------------------
[ 2019-08-13T11:17:38+08:00 ] 127.0.0.1 POST /shuzheng/api/public/index.php/api/PurchaseOrder/edit
[ info ] 127.0.0.1/shuzheng/api/public/index.php/api/PurchaseOrder/edit [运行时间：0.021001s][吞吐率：47.62req/s] [内存消耗：1,791.14kb] [文件加载：47]
[ info ] [ LANG ] D:\www\shuzheng\api\thinkphp\lang\zh-cn.php
[ info ] [ ROUTE ] array (
  'type' => 'module',
  'module' => 
  array (
    0 => 'api',
    1 => 'PurchaseOrder',
    2 => 'edit',
  ),
)
[ info ] [ HEADER ] array (
  'connection' => 'close',
  'content-length' => '541',
  'content-type' => 'multipart/form-data; boundary=--------------------------715518000391180923932876',
  'accept-encoding' => 'gzip, deflate',
  'cookie' => 'PHPSESSID=8sbg6kqmt7mglv1opngabttvk3',
  'host' => '127.0.0.1',
  'accept' => '*/*',
  'user-agent' => 'PostmanRuntime/3.0.1',
  'postman-token' => '48120dde-388e-4f32-8624-8dbd799451fe',
  'cache-control' => 'no-cache',
)
[ info ] [ PARAM ] array (
  'remark' => '库存告急，急需采购',
  'data' => 
  array (
    0 => 
    array (
      'goods_id' => '1',
      'amount' => '10',
      'unit_price' => '38',
    ),
  ),
)
[ info ] [ DB ] INIT mysql
[ info ] [ RUN ] app\api\controller\PurchaseOrder->edit[ D:\www\shuzheng\api\application\api\controller\PurchaseOrder.php ]
[ info ] [ LOG ] INIT File
---------------------------------------------------------------
[ 2019-08-13T11:18:45+08:00 ] 127.0.0.1 POST /shuzheng/api/public/index.php/api/PurchaseOrder/edit
[ info ] 127.0.0.1/shuzheng/api/public/index.php/api/PurchaseOrder/edit [运行时间：0.026002s][吞吐率：38.46req/s] [内存消耗：1,878.11kb] [文件加载：53]
[ info ] [ LANG ] D:\www\shuzheng\api\thinkphp\lang\zh-cn.php
[ info ] [ ROUTE ] array (
  'type' => 'module',
  'module' => 
  array (
    0 => 'api',
    1 => 'PurchaseOrder',
    2 => 'edit',
  ),
)
[ info ] [ HEADER ] array (
  'connection' => 'close',
  'content-length' => '541',
  'content-type' => 'multipart/form-data; boundary=--------------------------124678216970000784624424',
  'accept-encoding' => 'gzip, deflate',
  'cookie' => 'PHPSESSID=8sbg6kqmt7mglv1opngabttvk3',
  'host' => '127.0.0.1',
  'accept' => '*/*',
  'user-agent' => 'PostmanRuntime/3.0.1',
  'postman-token' => '9eb7c0c8-246b-49da-9d35-9851a3fe09ae',
  'cache-control' => 'no-cache',
)
[ info ] [ PARAM ] array (
  'remark' => '库存告急，急需采购',
  'data' => 
  array (
    0 => 
    array (
      'goods_id' => '1',
      'amount' => '10',
      'unit_price' => '38',
    ),
  ),
)
[ info ] [ DB ] INIT mysql
[ info ] [ RUN ] app\api\controller\PurchaseOrder->edit[ D:\www\shuzheng\api\application\api\controller\PurchaseOrder.php ]
[ info ] [ LOG ] INIT File
[ error ] [8]未定义数组索引: data[D:\www\shuzheng\api\application\common\service\PurchaseOrderService.php:42]
[ error ] [2]Invalid argument supplied for foreach()[D:\www\shuzheng\api\application\common\service\PurchaseOrderService.php:42]
---------------------------------------------------------------
[ 2019-08-13T11:19:18+08:00 ] 127.0.0.1 POST /shuzheng/api/public/index.php/api/PurchaseOrder/edit
[ info ] 127.0.0.1/shuzheng/api/public/index.php/api/PurchaseOrder/edit [运行时间：0.018001s][吞吐率：55.55req/s] [内存消耗：1,821.73kb] [文件加载：50]
[ info ] [ LANG ] D:\www\shuzheng\api\thinkphp\lang\zh-cn.php
[ info ] [ ROUTE ] array (
  'type' => 'module',
  'module' => 
  array (
    0 => 'api',
    1 => 'PurchaseOrder',
    2 => 'edit',
  ),
)
[ info ] [ HEADER ] array (
  'connection' => 'close',
  'content-length' => '541',
  'content-type' => 'multipart/form-data; boundary=--------------------------427286742464566613033313',
  'accept-encoding' => 'gzip, deflate',
  'cookie' => 'PHPSESSID=8sbg6kqmt7mglv1opngabttvk3',
  'host' => '127.0.0.1',
  'accept' => '*/*',
  'user-agent' => 'PostmanRuntime/3.0.1',
  'postman-token' => 'ad8d7381-876b-4e0b-aeb9-d026137b5377',
  'cache-control' => 'no-cache',
)
[ info ] [ PARAM ] array (
  'remark' => '库存告急，急需采购',
  'data' => 
  array (
    0 => 
    array (
      'goods_id' => '1',
      'amount' => '10',
      'unit_price' => '38',
    ),
  ),
)
[ info ] [ DB ] INIT mysql
[ info ] [ RUN ] app\api\controller\PurchaseOrder->edit[ D:\www\shuzheng\api\application\api\controller\PurchaseOrder.php ]
[ info ] [ LOG ] INIT File
[ error ] [8]未定义数组索引: data[D:\www\shuzheng\api\application\common\service\PurchaseOrderService.php:42]
[ error ] [2]Invalid argument supplied for foreach()[D:\www\shuzheng\api\application\common\service\PurchaseOrderService.php:42]
---------------------------------------------------------------
[ 2019-08-13T11:19:47+08:00 ] 127.0.0.1 POST /shuzheng/api/public/index.php/api/PurchaseOrder/edit
[ info ] 127.0.0.1/shuzheng/api/public/index.php/api/PurchaseOrder/edit [运行时间：0.019001s][吞吐率：52.63req/s] [内存消耗：1,792.01kb] [文件加载：47]
[ info ] [ LANG ] D:\www\shuzheng\api\thinkphp\lang\zh-cn.php
[ info ] [ ROUTE ] array (
  'type' => 'module',
  'module' => 
  array (
    0 => 'api',
    1 => 'PurchaseOrder',
    2 => 'edit',
  ),
)
[ info ] [ HEADER ] array (
  'connection' => 'close',
  'content-length' => '541',
  'content-type' => 'multipart/form-data; boundary=--------------------------271895901318315288351001',
  'accept-encoding' => 'gzip, deflate',
  'cookie' => 'PHPSESSID=8sbg6kqmt7mglv1opngabttvk3',
  'host' => '127.0.0.1',
  'accept' => '*/*',
  'user-agent' => 'PostmanRuntime/3.0.1',
  'postman-token' => 'e7c0f88b-8790-4b0e-a440-850e432f7dec',
  'cache-control' => 'no-cache',
)
[ info ] [ PARAM ] array (
  'remark' => '库存告急，急需采购',
  'data' => 
  array (
    0 => 
    array (
      'goods_id' => '1',
      'amount' => '10',
      'unit_price' => '38',
    ),
  ),
)
[ info ] [ DB ] INIT mysql
[ info ] [ RUN ] app\api\controller\PurchaseOrder->edit[ D:\www\shuzheng\api\application\api\controller\PurchaseOrder.php ]
[ info ] [ LOG ] INIT File
---------------------------------------------------------------
[ 2019-08-13T11:19:54+08:00 ] 127.0.0.1 POST /shuzheng/api/public/index.php/api/PurchaseOrder/edit
[ info ] 127.0.0.1/shuzheng/api/public/index.php/api/PurchaseOrder/edit [运行时间：0.758044s][吞吐率：1.32req/s] [内存消耗：1,972.45kb] [文件加载：53]
[ info ] [ LANG ] D:\www\shuzheng\api\thinkphp\lang\zh-cn.php
[ info ] [ ROUTE ] array (
  'type' => 'module',
  'module' => 
  array (
    0 => 'api',
    1 => 'PurchaseOrder',
    2 => 'edit',
  ),
)
[ info ] [ HEADER ] array (
  'connection' => 'close',
  'content-length' => '541',
  'content-type' => 'multipart/form-data; boundary=--------------------------267783666327113019395317',
  'accept-encoding' => 'gzip, deflate',
  'cookie' => 'PHPSESSID=8sbg6kqmt7mglv1opngabttvk3',
  'host' => '127.0.0.1',
  'accept' => '*/*',
  'user-agent' => 'PostmanRuntime/3.0.1',
  'postman-token' => 'c21bbe42-c410-4214-b7c1-50d25bca606d',
  'cache-control' => 'no-cache',
)
[ info ] [ PARAM ] array (
  'remark' => '库存告急，急需采购',
  'data' => 
  array (
    0 => 
    array (
      'goods_id' => '1',
      'amount' => '10',
      'unit_price' => '38',
    ),
  ),
)
[ info ] [ DB ] INIT mysql
[ info ] [ RUN ] app\api\controller\PurchaseOrder->edit[ D:\www\shuzheng\api\application\api\controller\PurchaseOrder.php ]
[ info ] [ LOG ] INIT File
[ sql ] [ DB ] CONNECT:[ UseTime:0.157009s ] mysql:host=rm-wz91kpl7zfkkt2c7nbo.mysql.rds.aliyuncs.com;dbname=shuzheng_test;charset=utf8
[ sql ] [ SQL ] SHOW COLUMNS FROM `purchase_order` [ RunTime:0.070004s ]
[ sql ] [ SQL ] INSERT INTO `purchase_order` (`remark` , `status` , `total_count` , `total_amount` , `batch_no`) VALUES ('库存告急，急需采购' , 'apply' , 1 , 380 , '201908131119539802') [ RunTime:0.290017s ]
[ sql ] [ SQL ] SHOW COLUMNS FROM `purchase_order_detail` [ RunTime:0.070004s ]
[ sql ] [ SQL ] DELETE FROM `purchase_order_detail`    WHERE  `order_id` = 3 [ RunTime:0.069004s ]
[ error ] [8]未定义数组索引: order_id[D:\www\shuzheng\api\application\common\service\PurchaseOrderService.php:58]
---------------------------------------------------------------
[ 2019-08-13T11:20:55+08:00 ] 127.0.0.1 POST /shuzheng/api/public/index.php/api/PurchaseOrder/edit
[ info ] 127.0.0.1/shuzheng/api/public/index.php/api/PurchaseOrder/edit [运行时间：0.928053s][吞吐率：1.08req/s] [内存消耗：1,971.79kb] [文件加载：53]
[ info ] [ LANG ] D:\www\shuzheng\api\thinkphp\lang\zh-cn.php
[ info ] [ ROUTE ] array (
  'type' => 'module',
  'module' => 
  array (
    0 => 'api',
    1 => 'PurchaseOrder',
    2 => 'edit',
  ),
)
[ info ] [ HEADER ] array (
  'connection' => 'close',
  'content-length' => '541',
  'content-type' => 'multipart/form-data; boundary=--------------------------892565030805469976825755',
  'accept-encoding' => 'gzip, deflate',
  'cookie' => 'PHPSESSID=8sbg6kqmt7mglv1opngabttvk3',
  'host' => '127.0.0.1',
  'accept' => '*/*',
  'user-agent' => 'PostmanRuntime/3.0.1',
  'postman-token' => '10f2dfd6-b76f-4074-a2db-fce2b56b715f',
  'cache-control' => 'no-cache',
)
[ info ] [ PARAM ] array (
  'remark' => '库存告急，急需采购',
  'data' => 
  array (
    0 => 
    array (
      'goods_id' => '1',
      'amount' => '10',
      'unit_price' => '38',
    ),
  ),
)
[ info ] [ DB ] INIT mysql
[ info ] [ RUN ] app\api\controller\PurchaseOrder->edit[ D:\www\shuzheng\api\application\api\controller\PurchaseOrder.php ]
[ info ] [ LOG ] INIT File
[ sql ] [ DB ] CONNECT:[ UseTime:0.219013s ] mysql:host=rm-wz91kpl7zfkkt2c7nbo.mysql.rds.aliyuncs.com;dbname=shuzheng_test;charset=utf8
[ sql ] [ SQL ] SHOW COLUMNS FROM `purchase_order` [ RunTime:0.081005s ]
[ sql ] [ SQL ] INSERT INTO `purchase_order` (`remark` , `status` , `total_count` , `total_amount` , `batch_no`) VALUES ('库存告急，急需采购' , 'apply' , 1 , 380 , '201908131120544483') [ RunTime:0.261015s ]
[ sql ] [ SQL ] SHOW COLUMNS FROM `purchase_order_detail` [ RunTime:0.081005s ]
[ sql ] [ SQL ] DELETE FROM `purchase_order_detail`    WHERE  `order_id` = 1 [ RunTime:0.080004s ]
[ sql ] [ SQL ] INSERT INTO `purchase_order_detail` (`goods_id` , `apply_amount` , `unit_price` , `estimated_money` , `order_id`) VALUES ( '1','10','38',380,'1' ) [ RunTime:0.080005s ]
[ error ] [8]未定义数组索引: order_id[D:\www\shuzheng\api\application\common\service\PurchaseOrderService.php:58]
---------------------------------------------------------------
[ 2019-08-13T11:32:41+08:00 ] 127.0.0.1 POST /shuzheng/api/public/index.php/api/PurchaseOrder/getDetailInfo
[ info ] 127.0.0.1/shuzheng/api/public/index.php/api/PurchaseOrder/getDetailInfo [运行时间：0.663038s][吞吐率：1.51req/s] [内存消耗：2,020.75kb] [文件加载：52]
[ info ] [ LANG ] D:\www\shuzheng\api\thinkphp\lang\zh-cn.php
[ info ] [ ROUTE ] array (
  'type' => 'module',
  'module' => 
  array (
    0 => 'api',
    1 => 'PurchaseOrder',
    2 => 'getDetailInfo',
  ),
)
[ info ] [ HEADER ] array (
  'connection' => 'close',
  'content-length' => '158',
  'content-type' => 'multipart/form-data; boundary=--------------------------919501816635960204795658',
  'accept-encoding' => 'gzip, deflate',
  'cookie' => 'PHPSESSID=8sbg6kqmt7mglv1opngabttvk3',
  'host' => '127.0.0.1',
  'accept' => '*/*',
  'user-agent' => 'PostmanRuntime/3.0.1',
  'postman-token' => '52ddc903-a5fc-42ef-b2dc-ffe7e51502c5',
  'cache-control' => 'no-cache',
)
[ info ] [ PARAM ] array (
  'id' => '1',
)
[ info ] [ DB ] INIT mysql
[ info ] [ RUN ] app\api\controller\PurchaseOrder->getDetailInfo[ D:\www\shuzheng\api\application\api\controller\PurchaseOrder.php ]
[ info ] [ LOG ] INIT File
[ sql ] [ DB ] CONNECT:[ UseTime:0.359020s ] mysql:host=rm-wz91kpl7zfkkt2c7nbo.mysql.rds.aliyuncs.com;dbname=shuzheng_test;charset=utf8
[ sql ] [ SQL ] SHOW COLUMNS FROM `purchase_order` [ RunTime:0.069004s ]
[ sql ] [ SQL ] SELECT * FROM `purchase_order` WHERE  `id` = 1 LIMIT 1 [ RunTime:0.069004s ]
[ sql ] [ SQL ] SHOW COLUMNS FROM `purchase_order_detail` [ RunTime:0.069003s ]
[ sql ] [ SQL ] SELECT * FROM `purchase_order_detail` WHERE  `order_id` = 1 [ RunTime:0.070005s ]
---------------------------------------------------------------
[ 2019-08-13T11:34:50+08:00 ] 127.0.0.1 POST /shuzheng/api/public/index.php/api/PurchaseOrder/getDetailInfo
[ info ] 127.0.0.1/shuzheng/api/public/index.php/api/PurchaseOrder/getDetailInfo [运行时间：0.769044s][吞吐率：1.30req/s] [内存消耗：2,020.39kb] [文件加载：52]
[ info ] [ LANG ] D:\www\shuzheng\api\thinkphp\lang\zh-cn.php
[ info ] [ ROUTE ] array (
  'type' => 'module',
  'module' => 
  array (
    0 => 'api',
    1 => 'PurchaseOrder',
    2 => 'getDetailInfo',
  ),
)
[ info ] [ HEADER ] array (
  'connection' => 'close',
  'content-length' => '158',
  'content-type' => 'multipart/form-data; boundary=--------------------------812525361650407014822867',
  'accept-encoding' => 'gzip, deflate',
  'cookie' => 'PHPSESSID=8sbg6kqmt7mglv1opngabttvk3',
  'host' => '127.0.0.1',
  'accept' => '*/*',
  'user-agent' => 'PostmanRuntime/3.0.1',
  'postman-token' => '054add7a-c1ba-4d3a-b9e4-5ed45ba9df79',
  'cache-control' => 'no-cache',
)
[ info ] [ PARAM ] array (
  'id' => '1',
)
[ info ] [ DB ] INIT mysql
[ info ] [ RUN ] app\api\controller\PurchaseOrder->getDetailInfo[ D:\www\shuzheng\api\application\api\controller\PurchaseOrder.php ]
[ info ] [ LOG ] INIT File
[ sql ] [ DB ] CONNECT:[ UseTime:0.130008s ] mysql:host=rm-wz91kpl7zfkkt2c7nbo.mysql.rds.aliyuncs.com;dbname=shuzheng_test;charset=utf8
[ sql ] [ SQL ] SHOW COLUMNS FROM `purchase_order` [ RunTime:0.071004s ]
[ sql ] [ SQL ] SELECT * FROM `purchase_order` WHERE  `id` = 1 LIMIT 1 [ RunTime:0.250014s ]
[ sql ] [ SQL ] SHOW COLUMNS FROM `purchase_order_detail` [ RunTime:0.171010s ]
[ sql ] [ SQL ] SELECT `a`.*,`b`.`name` FROM `purchase_order_detail` `a` LEFT JOIN `goods` `b` ON `a`.`goods_id`=`b`.`id` WHERE  `a`.`order_id` = '1' [ RunTime:0.112006s ]
---------------------------------------------------------------
[ 2019-08-13T11:35:29+08:00 ] 127.0.0.1 POST /shuzheng/api/public/index.php/api/PurchaseOrder/getDetailInfo
[ info ] 127.0.0.1/shuzheng/api/public/index.php/api/PurchaseOrder/getDetailInfo [运行时间：0.790045s][吞吐率：1.27req/s] [内存消耗：2,020.73kb] [文件加载：52]
[ info ] [ LANG ] D:\www\shuzheng\api\thinkphp\lang\zh-cn.php
[ info ] [ ROUTE ] array (
  'type' => 'module',
  'module' => 
  array (
    0 => 'api',
    1 => 'PurchaseOrder',
    2 => 'getDetailInfo',
  ),
)
[ info ] [ HEADER ] array (
  'connection' => 'close',
  'content-length' => '158',
  'content-type' => 'multipart/form-data; boundary=--------------------------487894899418678599206375',
  'accept-encoding' => 'gzip, deflate',
  'cookie' => 'PHPSESSID=8sbg6kqmt7mglv1opngabttvk3',
  'host' => '127.0.0.1',
  'accept' => '*/*',
  'user-agent' => 'PostmanRuntime/3.0.1',
  'postman-token' => '1c472178-eff9-4f12-ae9f-4a85dff56146',
  'cache-control' => 'no-cache',
)
[ info ] [ PARAM ] array (
  'id' => '1',
)
[ info ] [ DB ] INIT mysql
[ info ] [ RUN ] app\api\controller\PurchaseOrder->getDetailInfo[ D:\www\shuzheng\api\application\api\controller\PurchaseOrder.php ]
[ info ] [ LOG ] INIT File
[ sql ] [ DB ] CONNECT:[ UseTime:0.246014s ] mysql:host=rm-wz91kpl7zfkkt2c7nbo.mysql.rds.aliyuncs.com;dbname=shuzheng_test;charset=utf8
[ sql ] [ SQL ] SHOW COLUMNS FROM `purchase_order` [ RunTime:0.076004s ]
[ sql ] [ SQL ] SELECT * FROM `purchase_order` WHERE  `id` = 1 LIMIT 1 [ RunTime:0.075004s ]
[ sql ] [ SQL ] SHOW COLUMNS FROM `purchase_order_detail` [ RunTime:0.286016s ]
[ sql ] [ SQL ] SELECT `a`.*,`b`.`name`,`b`.`unit` FROM `purchase_order_detail` `a` LEFT JOIN `goods` `b` ON `a`.`goods_id`=`b`.`id` WHERE  `a`.`order_id` = '1' [ RunTime:0.076004s ]
---------------------------------------------------------------
[ 2019-08-13T11:41:29+08:00 ] 127.0.0.1 POST /shuzheng/api/public/index.php/api/PurchaseOrder/getDetailInfo
[ info ] 127.0.0.1/shuzheng/api/public/index.php/api/PurchaseOrder/getDetailInfo [运行时间：0.697040s][吞吐率：1.43req/s] [内存消耗：2,021.39kb] [文件加载：52]
[ info ] [ LANG ] D:\www\shuzheng\api\thinkphp\lang\zh-cn.php
[ info ] [ ROUTE ] array (
  'type' => 'module',
  'module' => 
  array (
    0 => 'api',
    1 => 'PurchaseOrder',
    2 => 'getDetailInfo',
  ),
)
[ info ] [ HEADER ] array (
  'connection' => 'close',
  'content-length' => '164',
  'content-type' => 'multipart/form-data; boundary=--------------------------020116648127401755014828',
  'accept-encoding' => 'gzip, deflate',
  'cookie' => 'PHPSESSID=8sbg6kqmt7mglv1opngabttvk3',
  'host' => '127.0.0.1',
  'accept' => '*/*',
  'user-agent' => 'PostmanRuntime/3.0.1',
  'postman-token' => '2da22310-3450-4894-a252-b33f87c80c5f',
  'cache-control' => 'no-cache',
)
[ info ] [ PARAM ] array (
  'order_id' => '1',
)
[ info ] [ DB ] INIT mysql
[ info ] [ RUN ] app\api\controller\PurchaseOrder->getDetailInfo[ D:\www\shuzheng\api\application\api\controller\PurchaseOrder.php ]
[ info ] [ LOG ] INIT File
[ sql ] [ DB ] CONNECT:[ UseTime:0.137008s ] mysql:host=rm-wz91kpl7zfkkt2c7nbo.mysql.rds.aliyuncs.com;dbname=shuzheng_test;charset=utf8
[ sql ] [ SQL ] SHOW COLUMNS FROM `purchase_order` [ RunTime:0.084005s ]
[ sql ] [ SQL ] SELECT * FROM `purchase_order` WHERE  `id` = 1 LIMIT 1 [ RunTime:0.083004s ]
[ sql ] [ SQL ] SHOW COLUMNS FROM `purchase_order_detail` [ RunTime:0.273016s ]
[ sql ] [ SQL ] SELECT `a`.*,`b`.`name`,`b`.`unit` FROM `purchase_order_detail` `a` LEFT JOIN `goods` `b` ON `a`.`goods_id`=`b`.`id` WHERE  `a`.`order_id` = '1' [ RunTime:0.083005s ]
