---------------------------------------------------------------
[ 2019-08-16T17:02:52+08:00 ] 127.0.0.1 POST /shuzheng/api/public/index.php/api/user/getUserLists
[ info ] 127.0.0.1/shuzheng/api/public/index.php/api/user/getUserLists [运行时间：0.822047s][吞吐率：1.22req/s] [内存消耗：1,883.95kb] [文件加载：45]
[ info ] [ LANG ] D:\www\shuzheng\api\thinkphp\lang\zh-cn.php
[ info ] [ ROUTE ] array (
  'type' => 'module',
  'module' => 
  array (
    0 => 'api',
    1 => 'user',
    2 => 'getUserLists',
  ),
)
[ info ] [ HEADER ] array (
  'connection' => 'close',
  'content-length' => '280',
  'content-type' => 'multipart/form-data; boundary=--------------------------254083022577940373934121',
  'accept-encoding' => 'gzip, deflate',
  'cookie' => 'PHPSESSID=8sbg6kqmt7mglv1opngabttvk3',
  'host' => '127.0.0.1',
  'accept' => '*/*',
  'user-agent' => 'PostmanRuntime/3.0.1',
  'postman-token' => '11943a7e-e8b5-4d80-9eb4-337dc4d809e3',
  'cache-control' => 'no-cache',
)
[ info ] [ PARAM ] array (
  'token' => 'K05TZk1Lc29iTmd0eVRvRmV3RTdGRHdtM0FzVUVkMUtwTWJLdHV5Syt4aURKNVBldkF0MG9QTEtPMlN0QUh6V3ZsU2tleUxRbFZkeCthUnRNdzlPalE9PQ==',
)
[ info ] [ DB ] INIT mysql
[ info ] [ LOG ] INIT File
[ sql ] [ DB ] CONNECT:[ UseTime:0.292017s ] mysql:host=rm-wz91kpl7zfkkt2c7nbo.mysql.rds.aliyuncs.com;dbname=shuzheng_test;charset=utf8
[ sql ] [ SQL ] SHOW COLUMNS FROM `user` [ RunTime:0.083005s ]
[ sql ] [ SQL ] SELECT `a`.`uid`,`a`.`dp_id`,`a`.`account`,`a`.`uname`,`b`.`token`,`b`.`tk_uptime`,`b`.`tk_expire_time`,`c`.`group_id` FROM `user` `a` LEFT JOIN `user_extra` `b` ON `a`.`uid`=`b`.`uid` LEFT JOIN `auth_group_access` `c` ON `a`.`uid`=`c`.`uid` WHERE  `a`.`uid` = 1  AND `a`.`status` = 1 LIMIT 1 [ RunTime:0.142008s ]
---------------------------------------------------------------
[ 2019-08-16T17:03:02+08:00 ] 127.0.0.1 POST /shuzheng/api/public/index.php/api/login/doLogin
[ info ] 127.0.0.1/shuzheng/api/public/index.php/api/login/doLogin [运行时间：0.387022s][吞吐率：2.58req/s] [内存消耗：2,020.14kb] [文件加载：50]
[ info ] [ LANG ] D:\www\shuzheng\api\thinkphp\lang\zh-cn.php
[ info ] [ ROUTE ] array (
  'type' => 'module',
  'module' => 
  array (
    0 => 'api',
    1 => 'login',
    2 => 'doLogin',
  ),
)
[ info ] [ HEADER ] array (
  'connection' => 'close',
  'content-length' => '500',
  'content-type' => 'multipart/form-data; boundary=--------------------------933118098514323764373649',
  'accept-encoding' => 'gzip, deflate',
  'cookie' => 'PHPSESSID=8sbg6kqmt7mglv1opngabttvk3',
  'host' => '127.0.0.1',
  'accept' => '*/*',
  'user-agent' => 'PostmanRuntime/3.0.1',
  'postman-token' => '7f6fdfb2-080e-47f1-9cc3-1290f281b74c',
  'cache-control' => 'no-cache',
)
[ info ] [ PARAM ] array (
  'code' => '2683',
  'account' => 'a06220226',
  'pwd' => '123456',
  'loginRandom' => '1234',
)
[ info ] [ RUN ] app\api\controller\Login->doLogin[ D:\www\shuzheng\api\application\api\controller\Login.php ]
[ info ] [ DB ] INIT mysql
[ info ] [ LOG ] INIT File
[ error ] [8]未定义数组索引: token[D:\www\shuzheng\api\application\api\controller\Base.php:35]
[ sql ] [ DB ] CONNECT:[ UseTime:0.104006s ] mysql:host=rm-wz91kpl7zfkkt2c7nbo.mysql.rds.aliyuncs.com;dbname=shuzheng_test;charset=utf8
[ sql ] [ SQL ] SHOW COLUMNS FROM `captcha` [ RunTime:0.090006s ]
[ sql ] [ SQL ] SELECT * FROM `captcha` WHERE  `captcha_key` = 21307064331234 LIMIT 1 [ RunTime:0.086005s ]
---------------------------------------------------------------
[ 2019-08-16T17:03:06+08:00 ] 127.0.0.1 GET /shuzheng/api/public/index.php/api/login/captcha?loginRandom=1234
[ info ] 127.0.0.1/shuzheng/api/public/index.php/api/login/captcha?loginRandom=1234 [运行时间：0.417024s][吞吐率：2.40req/s] [内存消耗：2,026.36kb] [文件加载：50]
[ info ] [ LANG ] D:\www\shuzheng\api\thinkphp\lang\zh-cn.php
[ info ] [ ROUTE ] array (
  'type' => 'module',
  'module' => 
  array (
    0 => 'api',
    1 => 'login',
    2 => 'captcha',
  ),
)
[ info ] [ HEADER ] array (
  'connection' => 'close',
  'accept-encoding' => 'gzip, deflate',
  'cookie' => 'PHPSESSID=8sbg6kqmt7mglv1opngabttvk3',
  'host' => '127.0.0.1',
  'accept' => '*/*',
  'user-agent' => 'PostmanRuntime/3.0.1',
  'postman-token' => '8f6eec0d-ef4f-440f-9077-f0b9cd4c6e03',
  'cache-control' => 'no-cache',
)
[ info ] [ PARAM ] array (
  'loginRandom' => '1234',
)
[ info ] [ RUN ] app\api\controller\Login->captcha[ D:\www\shuzheng\api\application\api\controller\Login.php ]
[ info ] [ DB ] INIT mysql
[ info ] [ LOG ] INIT File
[ error ] [8]未定义数组索引: token[D:\www\shuzheng\api\application\api\controller\Base.php:35]
[ sql ] [ DB ] CONNECT:[ UseTime:0.106006s ] mysql:host=rm-wz91kpl7zfkkt2c7nbo.mysql.rds.aliyuncs.com;dbname=shuzheng_test;charset=utf8
[ sql ] [ SQL ] SHOW COLUMNS FROM `captcha` [ RunTime:0.070004s ]
[ sql ] [ SQL ] SELECT `captcha_key` FROM `captcha` WHERE  `captcha_key` = 21307064331234 [ RunTime:0.070004s ]
[ sql ] [ SQL ] INSERT INTO `captcha` (`captcha_code` , `expire_time` , `captcha_key`) VALUES ('5835' , 1565946486 , 21307064331234) [ RunTime:0.113006s ]
---------------------------------------------------------------
[ 2019-08-16T17:03:19+08:00 ] 127.0.0.1 POST /shuzheng/api/public/index.php/api/login/doLogin
[ info ] 127.0.0.1/shuzheng/api/public/index.php/api/login/doLogin [运行时间：0.768044s][吞吐率：1.30req/s] [内存消耗：2,111.70kb] [文件加载：54]
[ info ] [ LANG ] D:\www\shuzheng\api\thinkphp\lang\zh-cn.php
[ info ] [ ROUTE ] array (
  'type' => 'module',
  'module' => 
  array (
    0 => 'api',
    1 => 'login',
    2 => 'doLogin',
  ),
)
[ info ] [ HEADER ] array (
  'connection' => 'close',
  'content-length' => '500',
  'content-type' => 'multipart/form-data; boundary=--------------------------845646303024777399627666',
  'accept-encoding' => 'gzip, deflate',
  'cookie' => 'PHPSESSID=8sbg6kqmt7mglv1opngabttvk3',
  'host' => '127.0.0.1',
  'accept' => '*/*',
  'user-agent' => 'PostmanRuntime/3.0.1',
  'postman-token' => '3e534825-3cbc-4d5a-a027-8942a2b0a27f',
  'cache-control' => 'no-cache',
)
[ info ] [ PARAM ] array (
  'code' => '5835',
  'account' => 'a06220226',
  'pwd' => '123456',
  'loginRandom' => '1234',
)
[ info ] [ RUN ] app\api\controller\Login->doLogin[ D:\www\shuzheng\api\application\api\controller\Login.php ]
[ info ] [ DB ] INIT mysql
[ info ] [ CACHE ] INIT File
[ info ] [ LOG ] INIT File
[ error ] [8]未定义数组索引: token[D:\www\shuzheng\api\application\api\controller\Base.php:35]
[ sql ] [ DB ] CONNECT:[ UseTime:0.307018s ] mysql:host=rm-wz91kpl7zfkkt2c7nbo.mysql.rds.aliyuncs.com;dbname=shuzheng_test;charset=utf8
[ sql ] [ SQL ] SHOW COLUMNS FROM `captcha` [ RunTime:0.098005s ]
[ sql ] [ SQL ] SELECT * FROM `captcha` WHERE  `captcha_key` = 21307064331234 LIMIT 1 [ RunTime:0.075005s ]
[ sql ] [ SQL ] DELETE FROM `captcha`    WHERE  `captcha_key` = 21307064331234 [ RunTime:0.084005s ]
[ sql ] [ SQL ] SHOW COLUMNS FROM `user` [ RunTime:0.075005s ]
[ sql ] [ SQL ] SELECT `a`.`uid`,`a`.`dp_id`,`a`.`account`,`a`.`wx_openid`,`a`.`pwd`,`a`.`salt`,`a`.`uname`,`a`.`status`,`b`.`token`,`b`.`tk_uptime`,`b`.`tk_expire_time`,c.name company_name FROM `user` `a` LEFT JOIN `user_extra` `b` ON `a`.`uid`=`b`.`uid` LEFT JOIN `company` `c` ON `a`.`dp_id`=`c`.`id` WHERE  `a`.`account` = 'a06220226'  AND `a`.`status` = 1 LIMIT 1 [ RunTime:0.074004s ]
---------------------------------------------------------------
[ 2019-08-16T17:03:26+08:00 ] 127.0.0.1 GET /shuzheng/api/public/index.php/api/login/captcha?loginRandom=1234
[ info ] 127.0.0.1/shuzheng/api/public/index.php/api/login/captcha?loginRandom=1234 [运行时间：0.409023s][吞吐率：2.44req/s] [内存消耗：2,026.36kb] [文件加载：50]
[ info ] [ LANG ] D:\www\shuzheng\api\thinkphp\lang\zh-cn.php
[ info ] [ ROUTE ] array (
  'type' => 'module',
  'module' => 
  array (
    0 => 'api',
    1 => 'login',
    2 => 'captcha',
  ),
)
[ info ] [ HEADER ] array (
  'connection' => 'close',
  'accept-encoding' => 'gzip, deflate',
  'cookie' => 'PHPSESSID=8sbg6kqmt7mglv1opngabttvk3',
  'host' => '127.0.0.1',
  'accept' => '*/*',
  'user-agent' => 'PostmanRuntime/3.0.1',
  'postman-token' => '647defc3-60d4-421f-b3f4-db8d19c0780c',
  'cache-control' => 'no-cache',
)
[ info ] [ PARAM ] array (
  'loginRandom' => '1234',
)
[ info ] [ RUN ] app\api\controller\Login->captcha[ D:\www\shuzheng\api\application\api\controller\Login.php ]
[ info ] [ DB ] INIT mysql
[ info ] [ LOG ] INIT File
[ error ] [8]未定义数组索引: token[D:\www\shuzheng\api\application\api\controller\Base.php:35]
[ sql ] [ DB ] CONNECT:[ UseTime:0.125007s ] mysql:host=rm-wz91kpl7zfkkt2c7nbo.mysql.rds.aliyuncs.com;dbname=shuzheng_test;charset=utf8
[ sql ] [ SQL ] SHOW COLUMNS FROM `captcha` [ RunTime:0.083005s ]
[ sql ] [ SQL ] SELECT `captcha_key` FROM `captcha` WHERE  `captcha_key` = 21307064331234 [ RunTime:0.083004s ]
[ sql ] [ SQL ] INSERT INTO `captcha` (`captcha_code` , `expire_time` , `captcha_key`) VALUES ('4729' , 1565946506 , 21307064331234) [ RunTime:0.088005s ]
---------------------------------------------------------------
[ 2019-08-16T17:03:33+08:00 ] 127.0.0.1 POST /shuzheng/api/public/index.php/api/login/doLogin
[ info ] 127.0.0.1/shuzheng/api/public/index.php/api/login/doLogin [运行时间：1.418081s][吞吐率：0.71req/s] [内存消耗：2,180.51kb] [文件加载：61]
[ info ] [ LANG ] D:\www\shuzheng\api\thinkphp\lang\zh-cn.php
[ info ] [ ROUTE ] array (
  'type' => 'module',
  'module' => 
  array (
    0 => 'api',
    1 => 'login',
    2 => 'doLogin',
  ),
)
[ info ] [ HEADER ] array (
  'connection' => 'close',
  'content-length' => '500',
  'content-type' => 'multipart/form-data; boundary=--------------------------224721020012386767190179',
  'accept-encoding' => 'gzip, deflate',
  'cookie' => 'PHPSESSID=8sbg6kqmt7mglv1opngabttvk3',
  'host' => '127.0.0.1',
  'accept' => '*/*',
  'user-agent' => 'PostmanRuntime/3.0.1',
  'postman-token' => '1215de96-3fae-42d2-8f97-4e758596e284',
  'cache-control' => 'no-cache',
)
[ info ] [ PARAM ] array (
  'code' => '4729',
  'account' => 'a06220226',
  'pwd' => '654321',
  'loginRandom' => '1234',
)
[ info ] [ RUN ] app\api\controller\Login->doLogin[ D:\www\shuzheng\api\application\api\controller\Login.php ]
[ info ] [ DB ] INIT mysql
[ info ] [ CACHE ] INIT File
[ info ] [ LOG ] INIT File
[ error ] [8]未定义数组索引: token[D:\www\shuzheng\api\application\api\controller\Base.php:35]
[ error ] [8]未定义数组索引: nickname[D:\www\shuzheng\api\application\api\controller\Login.php:55]
[ sql ] [ DB ] CONNECT:[ UseTime:0.283016s ] mysql:host=rm-wz91kpl7zfkkt2c7nbo.mysql.rds.aliyuncs.com;dbname=shuzheng_test;charset=utf8
[ sql ] [ SQL ] SHOW COLUMNS FROM `captcha` [ RunTime:0.075004s ]
[ sql ] [ SQL ] SELECT * FROM `captcha` WHERE  `captcha_key` = 21307064331234 LIMIT 1 [ RunTime:0.075005s ]
[ sql ] [ SQL ] DELETE FROM `captcha`    WHERE  `captcha_key` = 21307064331234 [ RunTime:0.080005s ]
[ sql ] [ SQL ] SHOW COLUMNS FROM `user` [ RunTime:0.075004s ]
[ sql ] [ SQL ] SELECT `a`.`uid`,`a`.`dp_id`,`a`.`account`,`a`.`wx_openid`,`a`.`pwd`,`a`.`salt`,`a`.`uname`,`a`.`status`,`b`.`token`,`b`.`tk_uptime`,`b`.`tk_expire_time`,c.name company_name FROM `user` `a` LEFT JOIN `user_extra` `b` ON `a`.`uid`=`b`.`uid` LEFT JOIN `company` `c` ON `a`.`dp_id`=`c`.`id` WHERE  `a`.`account` = 'a06220226'  AND `a`.`status` = 1 LIMIT 1 [ RunTime:0.076004s ]
[ sql ] [ SQL ] SHOW COLUMNS FROM `auth_group_access` [ RunTime:0.077005s ]
[ sql ] [ SQL ] SELECT `a`.`uid`,`b`.`id`,`b`.`title`,`b`.`rules` FROM `auth_group_access` `a` LEFT JOIN `auth_group` `b` ON `a`.`group_id`=`b`.`id` LEFT JOIN `user` `ur` ON `ur`.`uid`=`a`.`uid` WHERE  `a`.`uid` = 1  AND `b`.`status` = 1 LIMIT 1 [ RunTime:0.075004s ]
[ sql ] [ SQL ] SHOW COLUMNS FROM `auth_rule` [ RunTime:0.075004s ]
[ sql ] [ SQL ] SELECT * FROM `auth_rule` WHERE  `status` = 1 ORDER BY `sort` ASC [ RunTime:0.091006s ]
[ sql ] [ SQL ] SHOW COLUMNS FROM `user_extra` [ RunTime:0.076005s ]
[ sql ] [ SQL ] SELECT `uid`,`tk_expire_time`,`token` FROM `user_extra` WHERE  `uid` = 1 LIMIT 1 [ RunTime:0.075004s ]
[ sql ] [ SQL ] UPDATE `user_extra`  SET `uid`=1,`token`='204969',`tk_uptime`=1565946212,`tk_expire_time`=1565953412,`last_login_time`='2019-08-16 17:03:32',`last_login_ip`='127.0.0.1'  WHERE  `uid` = 1 [ RunTime:0.151009s ]
---------------------------------------------------------------
[ 2019-08-16T17:04:40+08:00 ] 127.0.0.1 POST /shuzheng/api/public/index.php/api/PurchaseOrder/getDetailInfo
[ info ] 127.0.0.1/shuzheng/api/public/index.php/api/PurchaseOrder/getDetailInfo [运行时间：0.849049s][吞吐率：1.18req/s] [内存消耗：2,118.56kb] [文件加载：58]
[ info ] [ LANG ] D:\www\shuzheng\api\thinkphp\lang\zh-cn.php
[ info ] [ ROUTE ] array (
  'type' => 'module',
  'module' => 
  array (
    0 => 'api',
    1 => 'PurchaseOrder',
    2 => 'getDetailInfo',
  ),
)
[ info ] [ HEADER ] array (
  'connection' => 'close',
  'content-length' => '388',
  'content-type' => 'multipart/form-data; boundary=--------------------------766549062494866643265589',
  'accept-encoding' => 'gzip, deflate',
  'cookie' => 'PHPSESSID=8sbg6kqmt7mglv1opngabttvk3',
  'host' => '127.0.0.1',
  'accept' => '*/*',
  'user-agent' => 'PostmanRuntime/3.0.1',
  'postman-token' => '0cddc365-0b19-403c-aca8-3ae01132c585',
  'cache-control' => 'no-cache',
)
[ info ] [ PARAM ] array (
  'token' => 'K05TZk1Lc29iTmd0eVRvRmV3RTdGRHdtM0FzVUVkMUtwTWJLdHV5Syt4ajJmeFZxV1RGSFVRNHRzMktoRWNHMTliZDF4ZC9pMzRRazNGc3phenBxQVE9PQ==',
  'order_id' => '1',
)
[ info ] [ DB ] INIT mysql
[ info ] [ RUN ] app\api\controller\PurchaseOrder->getDetailInfo[ D:\www\shuzheng\api\application\api\controller\PurchaseOrder.php ]
[ info ] [ CACHE ] INIT File
[ info ] [ LOG ] INIT File
[ sql ] [ DB ] CONNECT:[ UseTime:0.245014s ] mysql:host=rm-wz91kpl7zfkkt2c7nbo.mysql.rds.aliyuncs.com;dbname=shuzheng_test;charset=utf8
[ sql ] [ SQL ] SHOW COLUMNS FROM `user` [ RunTime:0.067004s ]
[ sql ] [ SQL ] SELECT `a`.`uid`,`a`.`dp_id`,`a`.`account`,`a`.`uname`,`b`.`token`,`b`.`tk_uptime`,`b`.`tk_expire_time`,`c`.`group_id` FROM `user` `a` LEFT JOIN `user_extra` `b` ON `a`.`uid`=`b`.`uid` LEFT JOIN `auth_group_access` `c` ON `a`.`uid`=`c`.`uid` WHERE  `a`.`uid` = 1  AND `a`.`status` = 1 LIMIT 1 [ RunTime:0.067004s ]
[ sql ] [ SQL ] SHOW COLUMNS FROM `purchase_order` [ RunTime:0.068004s ]
[ sql ] [ SQL ] SELECT * FROM `purchase_order` WHERE  `id` = 1 LIMIT 1 [ RunTime:0.069004s ]
[ sql ] [ SQL ] SHOW COLUMNS FROM `purchase_order_detail` [ RunTime:0.068004s ]
[ sql ] [ SQL ] SELECT `a`.*,`b`.`name`,`b`.`unit` FROM `purchase_order_detail` `a` LEFT JOIN `goods` `b` ON `a`.`goods_id`=`b`.`id` WHERE  `a`.`order_id` = '1' [ RunTime:0.075004s ]
[ sql ] [ SQL ] SHOW COLUMNS FROM `user_extra` [ RunTime:0.067004s ]
[ sql ] [ SQL ] UPDATE `user_extra`  SET `tk_expire_time`=1565953480  WHERE  `uid` = 1 [ RunTime:0.072004s ]
---------------------------------------------------------------
[ 2019-08-16T17:08:28+08:00 ] 127.0.0.1 POST /shuzheng/api/public/index.php/api/PurchaseOrder/verfiy
[ info ] 127.0.0.1/shuzheng/api/public/index.php/api/PurchaseOrder/verfiy [运行时间：0.373022s][吞吐率：2.68req/s] [内存消耗：2,073.26kb] [文件加载：54]
[ info ] [ LANG ] D:\www\shuzheng\api\thinkphp\lang\zh-cn.php
[ info ] [ ROUTE ] array (
  'type' => 'module',
  'module' => 
  array (
    0 => 'api',
    1 => 'PurchaseOrder',
    2 => 'verfiy',
  ),
)
[ info ] [ HEADER ] array (
  'connection' => 'close',
  'content-length' => '504',
  'content-type' => 'multipart/form-data; boundary=--------------------------249973704589393422227616',
  'accept-encoding' => 'gzip, deflate',
  'cookie' => 'PHPSESSID=8sbg6kqmt7mglv1opngabttvk3',
  'host' => '127.0.0.1',
  'accept' => '*/*',
  'user-agent' => 'PostmanRuntime/3.0.1',
  'postman-token' => 'c6cc2f85-064a-44ae-a276-4e92ad76e780',
  'cache-control' => 'no-cache',
)
[ info ] [ PARAM ] array (
  'token' => 'K05TZk1Lc29iTmd0eVRvRmV3RTdGRHdtM0FzVUVkMUtwTWJLdHV5Syt4ajJmeFZxV1RGSFVRNHRzMktoRWNHMTliZDF4ZC9pMzRRazNGc3phenBxQVE9PQ==',
  'order_id' => '1',
  'verify_status' => 'pass',
)
[ info ] [ DB ] INIT mysql
[ info ] [ LOG ] INIT File
[ sql ] [ DB ] CONNECT:[ UseTime:0.121007s ] mysql:host=rm-wz91kpl7zfkkt2c7nbo.mysql.rds.aliyuncs.com;dbname=shuzheng_test;charset=utf8
[ sql ] [ SQL ] SHOW COLUMNS FROM `user` [ RunTime:0.075004s ]
[ sql ] [ SQL ] SELECT `a`.`uid`,`a`.`dp_id`,`a`.`account`,`a`.`uname`,`b`.`token`,`b`.`tk_uptime`,`b`.`tk_expire_time`,`c`.`group_id` FROM `user` `a` LEFT JOIN `user_extra` `b` ON `a`.`uid`=`b`.`uid` LEFT JOIN `auth_group_access` `c` ON `a`.`uid`=`c`.`uid` WHERE  `a`.`uid` = 1  AND `a`.`status` = 1 LIMIT 1 [ RunTime:0.104006s ]
---------------------------------------------------------------
[ 2019-08-16T17:08:48+08:00 ] 127.0.0.1 POST /shuzheng/api/public/index.php/api/PurchaseOrder/verify
[ info ] 127.0.0.1/shuzheng/api/public/index.php/api/PurchaseOrder/verify [运行时间：1.087062s][吞吐率：0.92req/s] [内存消耗：2,251.04kb] [文件加载：63]
[ info ] [ LANG ] D:\www\shuzheng\api\thinkphp\lang\zh-cn.php
[ info ] [ ROUTE ] array (
  'type' => 'module',
  'module' => 
  array (
    0 => 'api',
    1 => 'PurchaseOrder',
    2 => 'verify',
  ),
)
[ info ] [ HEADER ] array (
  'connection' => 'close',
  'content-length' => '504',
  'content-type' => 'multipart/form-data; boundary=--------------------------544086619954919319296121',
  'accept-encoding' => 'gzip, deflate',
  'cookie' => 'PHPSESSID=8sbg6kqmt7mglv1opngabttvk3',
  'host' => '127.0.0.1',
  'accept' => '*/*',
  'user-agent' => 'PostmanRuntime/3.0.1',
  'postman-token' => 'bc1d3f1d-af07-45ef-9dd0-b0f2e6562202',
  'cache-control' => 'no-cache',
)
[ info ] [ PARAM ] array (
  'token' => 'K05TZk1Lc29iTmd0eVRvRmV3RTdGRHdtM0FzVUVkMUtwTWJLdHV5Syt4ajJmeFZxV1RGSFVRNHRzMktoRWNHMTliZDF4ZC9pMzRRazNGc3phenBxQVE9PQ==',
  'order_id' => '1',
  'verify_status' => 'pass',
)
[ info ] [ DB ] INIT mysql
[ info ] [ RUN ] app\api\controller\PurchaseOrder->verify[ D:\www\shuzheng\api\application\api\controller\PurchaseOrder.php ]
[ info ] [ CACHE ] INIT File
[ info ] [ LOG ] INIT File
[ sql ] [ DB ] CONNECT:[ UseTime:0.279016s ] mysql:host=rm-wz91kpl7zfkkt2c7nbo.mysql.rds.aliyuncs.com;dbname=shuzheng_test;charset=utf8
[ sql ] [ SQL ] SHOW COLUMNS FROM `user` [ RunTime:0.069003s ]
[ sql ] [ SQL ] SELECT `a`.`uid`,`a`.`dp_id`,`a`.`account`,`a`.`uname`,`b`.`token`,`b`.`tk_uptime`,`b`.`tk_expire_time`,`c`.`group_id` FROM `user` `a` LEFT JOIN `user_extra` `b` ON `a`.`uid`=`b`.`uid` LEFT JOIN `auth_group_access` `c` ON `a`.`uid`=`c`.`uid` WHERE  `a`.`uid` = 1  AND `a`.`status` = 1 LIMIT 1 [ RunTime:0.081004s ]
[ sql ] [ SQL ] SHOW COLUMNS FROM `purchase_order` [ RunTime:0.069003s ]
[ sql ] [ SQL ] SELECT * FROM `purchase_order` WHERE  `id` = 1 LIMIT 1 [ RunTime:0.070004s ]
[ sql ] [ SQL ] SHOW COLUMNS FROM `purchase_order_progress` [ RunTime:0.069004s ]
[ sql ] [ SQL ] INSERT INTO `purchase_order_progress` (`order_id` , `uid` , `status` , `remark` , `ctime`) VALUES (1 , 1 , 'pass' , NULL , '2019-08-16') [ RunTime:0.075004s ]
[ sql ] [ SQL ] UPDATE `purchase_order`  SET `status`='pass',`up_time`='2019-08-16 17:08:48'  WHERE  `id` = 1 [ RunTime:0.096006s ]
[ sql ] [ SQL ] SHOW COLUMNS FROM `user_extra` [ RunTime:0.070004s ]
[ sql ] [ SQL ] UPDATE `user_extra`  SET `tk_expire_time`=1565953728  WHERE  `uid` = 1 [ RunTime:0.074004s ]
[ error ] [8]未定义数组索引: remark[D:\www\shuzheng\api\application\common\service\PurchaseOrderService.php:93]
---------------------------------------------------------------
[ 2019-08-16T17:46:08+08:00 ] 127.0.0.1 POST /shuzheng/api/public/index.php/api/PurchaseOrder/getLists
[ info ] 127.0.0.1/shuzheng/api/public/index.php/api/PurchaseOrder/getLists [运行时间：0.934053s][吞吐率：1.07req/s] [内存消耗：2,158.87kb] [文件加载：63]
[ info ] [ LANG ] D:\www\shuzheng\api\thinkphp\lang\zh-cn.php
[ info ] [ ROUTE ] array (
  'type' => 'module',
  'module' => 
  array (
    0 => 'api',
    1 => 'PurchaseOrder',
    2 => 'getLists',
  ),
)
[ info ] [ HEADER ] array (
  'connection' => 'close',
  'content-length' => '603',
  'content-type' => 'multipart/form-data; boundary=--------------------------650011452122182124430324',
  'accept-encoding' => 'gzip, deflate',
  'cookie' => 'PHPSESSID=8sbg6kqmt7mglv1opngabttvk3',
  'host' => '127.0.0.1',
  'accept' => '*/*',
  'user-agent' => 'PostmanRuntime/3.0.1',
  'postman-token' => '5cdd3660-6ee1-46e0-a7dd-49f0783433df',
  'cache-control' => 'no-cache',
)
[ info ] [ PARAM ] array (
  'token' => 'K05TZk1Lc29iTmd0eVRvRmV3RTdGRHdtM0FzVUVkMUtwTWJLdHV5Syt4ajJmeFZxV1RGSFVRNHRzMktoRWNHMTliZDF4ZC9pMzRRazNGc3phenBxQVE9PQ==',
  'order_id' => '1',
  'verify_status' => 'pass',
)
[ info ] [ DB ] INIT mysql
[ info ] [ RUN ] app\api\controller\PurchaseOrder->getLists[ D:\www\shuzheng\api\application\api\controller\PurchaseOrder.php ]
[ info ] [ CACHE ] INIT File
[ info ] [ LOG ] INIT File
[ sql ] [ DB ] CONNECT:[ UseTime:0.131007s ] mysql:host=rm-wz91kpl7zfkkt2c7nbo.mysql.rds.aliyuncs.com;dbname=shuzheng_test;charset=utf8
[ sql ] [ SQL ] SHOW COLUMNS FROM `user` [ RunTime:0.077005s ]
[ sql ] [ SQL ] SELECT `a`.`uid`,`a`.`dp_id`,`a`.`account`,`a`.`uname`,`b`.`token`,`b`.`tk_uptime`,`b`.`tk_expire_time`,`c`.`group_id` FROM `user` `a` LEFT JOIN `user_extra` `b` ON `a`.`uid`=`b`.`uid` LEFT JOIN `auth_group_access` `c` ON `a`.`uid`=`c`.`uid` WHERE  `a`.`uid` = 1  AND `a`.`status` = 1 LIMIT 1 [ RunTime:0.077004s ]
[ sql ] [ SQL ] SHOW COLUMNS FROM `purchase_order` [ RunTime:0.077004s ]
[ sql ] [ SQL ] SELECT COUNT(*) AS tp_count FROM `purchase_order` LIMIT 1 [ RunTime:0.189011s ]
[ sql ] [ SQL ] SELECT * FROM `purchase_order` ORDER BY `id` DESC LIMIT 0,20 [ RunTime:0.076004s ]
[ sql ] [ SQL ] SELECT `uid`,`uname` FROM `user` [ RunTime:0.078005s ]
[ sql ] [ SQL ] SHOW COLUMNS FROM `user_extra` [ RunTime:0.077004s ]
[ sql ] [ SQL ] UPDATE `user_extra`  SET `tk_expire_time`=1565955968  WHERE  `uid` = 1 [ RunTime:0.083005s ]
[ error ] [8]未定义数组索引: page[D:\www\shuzheng\api\application\api\controller\Base.php:60]
[ error ] [8]未定义数组索引: limit[D:\www\shuzheng\api\application\api\controller\Base.php:60]
---------------------------------------------------------------
[ 2019-08-16T17:48:05+08:00 ] 127.0.0.1 POST /shuzheng/api/public/index.php/api/PurchaseOrder/getLists
[ info ] 127.0.0.1/shuzheng/api/public/index.php/api/PurchaseOrder/getLists [运行时间：1.027059s][吞吐率：0.97req/s] [内存消耗：2,159.24kb] [文件加载：63]
[ info ] [ LANG ] D:\www\shuzheng\api\thinkphp\lang\zh-cn.php
[ info ] [ ROUTE ] array (
  'type' => 'module',
  'module' => 
  array (
    0 => 'api',
    1 => 'PurchaseOrder',
    2 => 'getLists',
  ),
)
[ info ] [ HEADER ] array (
  'connection' => 'close',
  'content-length' => '603',
  'content-type' => 'multipart/form-data; boundary=--------------------------396984769691746189070202',
  'accept-encoding' => 'gzip, deflate',
  'cookie' => 'PHPSESSID=8sbg6kqmt7mglv1opngabttvk3',
  'host' => '127.0.0.1',
  'accept' => '*/*',
  'user-agent' => 'PostmanRuntime/3.0.1',
  'postman-token' => '23c833c7-2edd-4888-8ee0-627ad66eff8d',
  'cache-control' => 'no-cache',
)
[ info ] [ PARAM ] array (
  'token' => 'K05TZk1Lc29iTmd0eVRvRmV3RTdGRHdtM0FzVUVkMUtwTWJLdHV5Syt4ajJmeFZxV1RGSFVRNHRzMktoRWNHMTliZDF4ZC9pMzRRazNGc3phenBxQVE9PQ==',
  'order_id' => '1',
  'verify_status' => 'pass',
)
[ info ] [ DB ] INIT mysql
[ info ] [ RUN ] app\api\controller\PurchaseOrder->getLists[ D:\www\shuzheng\api\application\api\controller\PurchaseOrder.php ]
[ info ] [ CACHE ] INIT File
[ info ] [ LOG ] INIT File
[ sql ] [ DB ] CONNECT:[ UseTime:0.315018s ] mysql:host=rm-wz91kpl7zfkkt2c7nbo.mysql.rds.aliyuncs.com;dbname=shuzheng_test;charset=utf8
[ sql ] [ SQL ] SHOW COLUMNS FROM `user` [ RunTime:0.083005s ]
[ sql ] [ SQL ] SELECT `a`.`uid`,`a`.`dp_id`,`a`.`account`,`a`.`uname`,`b`.`token`,`b`.`tk_uptime`,`b`.`tk_expire_time`,`c`.`group_id` FROM `user` `a` LEFT JOIN `user_extra` `b` ON `a`.`uid`=`b`.`uid` LEFT JOIN `auth_group_access` `c` ON `a`.`uid`=`c`.`uid` WHERE  `a`.`uid` = 1  AND `a`.`status` = 1 LIMIT 1 [ RunTime:0.083004s ]
[ sql ] [ SQL ] SHOW COLUMNS FROM `purchase_order` [ RunTime:0.083004s ]
[ sql ] [ SQL ] SELECT COUNT(*) AS tp_count FROM `purchase_order` LIMIT 1 [ RunTime:0.083005s ]
[ sql ] [ SQL ] SELECT * FROM `purchase_order` ORDER BY `id` DESC LIMIT 0,20 [ RunTime:0.083005s ]
[ sql ] [ SQL ] SELECT `uid`,`uname` FROM `user` [ RunTime:0.084005s ]
[ sql ] [ SQL ] SHOW COLUMNS FROM `user_extra` [ RunTime:0.084005s ]
[ sql ] [ SQL ] UPDATE `user_extra`  SET `tk_expire_time`=1565956085  WHERE  `uid` = 1 [ RunTime:0.089005s ]
[ error ] [8]未定义数组索引: page[D:\www\shuzheng\api\application\api\controller\Base.php:60]
[ error ] [8]未定义数组索引: limit[D:\www\shuzheng\api\application\api\controller\Base.php:60]
---------------------------------------------------------------
[ 2019-08-16T17:49:46+08:00 ] 127.0.0.1 POST /shuzheng/api/public/index.php/api/PurchaseOrder/getLists
[ info ] 127.0.0.1/shuzheng/api/public/index.php/api/PurchaseOrder/getLists [运行时间：0.727042s][吞吐率：1.38req/s] [内存消耗：2,086.15kb] [文件加载：56]
[ info ] [ LANG ] D:\www\shuzheng\api\thinkphp\lang\zh-cn.php
[ info ] [ ROUTE ] array (
  'type' => 'module',
  'module' => 
  array (
    0 => 'api',
    1 => 'PurchaseOrder',
    2 => 'getLists',
  ),
)
[ info ] [ HEADER ] array (
  'connection' => 'close',
  'content-length' => '604',
  'content-type' => 'multipart/form-data; boundary=--------------------------177994772567779037878621',
  'accept-encoding' => 'gzip, deflate',
  'cookie' => 'PHPSESSID=8sbg6kqmt7mglv1opngabttvk3',
  'host' => '127.0.0.1',
  'accept' => '*/*',
  'user-agent' => 'PostmanRuntime/3.0.1',
  'postman-token' => 'da44225d-6e40-4aa5-bf50-9d7957f6e83a',
  'cache-control' => 'no-cache',
)
[ info ] [ PARAM ] array (
  'token' => 'K05TZk1Lc29iTmd0eVRvRmV3RTdGRHdtM0FzVUVkMUtwTWJLdHV5Syt4ajJmeFZxV1RGSFVRNHRzMktoRWNHMTliZDF4ZC9pMzRRazNGc3phenBxQVE9PQ==',
  'name' => '张三',
  'verify_status' => 'pass',
)
[ info ] [ DB ] INIT mysql
[ info ] [ RUN ] app\api\controller\PurchaseOrder->getLists[ D:\www\shuzheng\api\application\api\controller\PurchaseOrder.php ]
[ info ] [ CACHE ] INIT File
[ info ] [ LOG ] INIT File
[ sql ] [ DB ] CONNECT:[ UseTime:0.285017s ] mysql:host=rm-wz91kpl7zfkkt2c7nbo.mysql.rds.aliyuncs.com;dbname=shuzheng_test;charset=utf8
[ sql ] [ SQL ] SHOW COLUMNS FROM `user` [ RunTime:0.080004s ]
[ sql ] [ SQL ] SELECT `a`.`uid`,`a`.`dp_id`,`a`.`account`,`a`.`uname`,`b`.`token`,`b`.`tk_uptime`,`b`.`tk_expire_time`,`c`.`group_id` FROM `user` `a` LEFT JOIN `user_extra` `b` ON `a`.`uid`=`b`.`uid` LEFT JOIN `auth_group_access` `c` ON `a`.`uid`=`c`.`uid` WHERE  `a`.`uid` = 1  AND `a`.`status` = 1 LIMIT 1 [ RunTime:0.079005s ]
[ sql ] [ SQL ] SELECT `uid` FROM `user` WHERE  `uname` LIKE '%张三%'  AND `status` = 1 [ RunTime:0.077005s ]
[ sql ] [ SQL ] SHOW COLUMNS FROM `user_extra` [ RunTime:0.078004s ]
[ sql ] [ SQL ] UPDATE `user_extra`  SET `tk_expire_time`=1565956186  WHERE  `uid` = 1 [ RunTime:0.083004s ]
---------------------------------------------------------------
[ 2019-08-16T17:49:52+08:00 ] 127.0.0.1 POST /shuzheng/api/public/index.php/api/PurchaseOrder/getLists
[ info ] 127.0.0.1/shuzheng/api/public/index.php/api/PurchaseOrder/getLists [运行时间：0.587034s][吞吐率：1.70req/s] [内存消耗：2,091.76kb] [文件加载：56]
[ info ] [ LANG ] D:\www\shuzheng\api\thinkphp\lang\zh-cn.php
[ info ] [ ROUTE ] array (
  'type' => 'module',
  'module' => 
  array (
    0 => 'api',
    1 => 'PurchaseOrder',
    2 => 'getLists',
  ),
)
[ info ] [ HEADER ] array (
  'connection' => 'close',
  'content-length' => '604',
  'content-type' => 'multipart/form-data; boundary=--------------------------576046451313099918788518',
  'accept-encoding' => 'gzip, deflate',
  'cookie' => 'PHPSESSID=8sbg6kqmt7mglv1opngabttvk3',
  'host' => '127.0.0.1',
  'accept' => '*/*',
  'user-agent' => 'PostmanRuntime/3.0.1',
  'postman-token' => 'd8daedca-576d-475b-a3b7-f659820c1277',
  'cache-control' => 'no-cache',
)
[ info ] [ PARAM ] array (
  'token' => 'K05TZk1Lc29iTmd0eVRvRmV3RTdGRHdtM0FzVUVkMUtwTWJLdHV5Syt4ajJmeFZxV1RGSFVRNHRzMktoRWNHMTliZDF4ZC9pMzRRazNGc3phenBxQVE9PQ==',
  'name' => '罗某',
  'verify_status' => 'pass',
)
[ info ] [ DB ] INIT mysql
[ info ] [ RUN ] app\api\controller\PurchaseOrder->getLists[ D:\www\shuzheng\api\application\api\controller\PurchaseOrder.php ]
[ info ] [ LOG ] INIT File
[ sql ] [ DB ] CONNECT:[ UseTime:0.281016s ] mysql:host=rm-wz91kpl7zfkkt2c7nbo.mysql.rds.aliyuncs.com;dbname=shuzheng_test;charset=utf8
[ sql ] [ SQL ] SHOW COLUMNS FROM `user` [ RunTime:0.069004s ]
[ sql ] [ SQL ] SELECT `a`.`uid`,`a`.`dp_id`,`a`.`account`,`a`.`uname`,`b`.`token`,`b`.`tk_uptime`,`b`.`tk_expire_time`,`c`.`group_id` FROM `user` `a` LEFT JOIN `user_extra` `b` ON `a`.`uid`=`b`.`uid` LEFT JOIN `auth_group_access` `c` ON `a`.`uid`=`c`.`uid` WHERE  `a`.`uid` = 1  AND `a`.`status` = 1 LIMIT 1 [ RunTime:0.067004s ]
[ sql ] [ SQL ] SELECT `uid` FROM `user` WHERE  `uname` LIKE '%罗某%'  AND `status` = 1 [ RunTime:0.067004s ]
[ sql ] [ SQL ] SHOW COLUMNS FROM `purchase_order` [ RunTime:0.069004s ]
[ error ] [8]未定义数组索引: page[D:\www\shuzheng\api\application\api\controller\Base.php:60]
[ error ] [8]未定义数组索引: limit[D:\www\shuzheng\api\application\api\controller\Base.php:60]
[ error ] [8]未定义数组下标: 1[D:\www\shuzheng\api\thinkphp\library\think\db\Builder.php:319]
[ error ] [0]查询表达式错误:1[D:\www\shuzheng\api\thinkphp\library\think\db\Builder.php:343]
---------------------------------------------------------------
[ 2019-08-16T17:50:54+08:00 ] 127.0.0.1 POST /shuzheng/api/public/index.php/api/PurchaseOrder/getLists
[ info ] 127.0.0.1/shuzheng/api/public/index.php/api/PurchaseOrder/getLists [运行时间：0.947054s][吞吐率：1.06req/s] [内存消耗：2,159.40kb] [文件加载：63]
[ info ] [ LANG ] D:\www\shuzheng\api\thinkphp\lang\zh-cn.php
[ info ] [ ROUTE ] array (
  'type' => 'module',
  'module' => 
  array (
    0 => 'api',
    1 => 'PurchaseOrder',
    2 => 'getLists',
  ),
)
[ info ] [ HEADER ] array (
  'connection' => 'close',
  'content-length' => '604',
  'content-type' => 'multipart/form-data; boundary=--------------------------080879345251839291499733',
  'accept-encoding' => 'gzip, deflate',
  'cookie' => 'PHPSESSID=8sbg6kqmt7mglv1opngabttvk3',
  'host' => '127.0.0.1',
  'accept' => '*/*',
  'user-agent' => 'PostmanRuntime/3.0.1',
  'postman-token' => 'd8249aaa-f59f-4ebf-a115-39c012036d10',
  'cache-control' => 'no-cache',
)
[ info ] [ PARAM ] array (
  'token' => 'K05TZk1Lc29iTmd0eVRvRmV3RTdGRHdtM0FzVUVkMUtwTWJLdHV5Syt4ajJmeFZxV1RGSFVRNHRzMktoRWNHMTliZDF4ZC9pMzRRazNGc3phenBxQVE9PQ==',
  'name' => '罗某',
  'verify_status' => 'pass',
)
[ info ] [ DB ] INIT mysql
[ info ] [ RUN ] app\api\controller\PurchaseOrder->getLists[ D:\www\shuzheng\api\application\api\controller\PurchaseOrder.php ]
[ info ] [ CACHE ] INIT File
[ info ] [ LOG ] INIT File
[ sql ] [ DB ] CONNECT:[ UseTime:0.152009s ] mysql:host=rm-wz91kpl7zfkkt2c7nbo.mysql.rds.aliyuncs.com;dbname=shuzheng_test;charset=utf8
[ sql ] [ SQL ] SHOW COLUMNS FROM `user` [ RunTime:0.083004s ]
[ sql ] [ SQL ] SELECT `a`.`uid`,`a`.`dp_id`,`a`.`account`,`a`.`uname`,`b`.`token`,`b`.`tk_uptime`,`b`.`tk_expire_time`,`c`.`group_id` FROM `user` `a` LEFT JOIN `user_extra` `b` ON `a`.`uid`=`b`.`uid` LEFT JOIN `auth_group_access` `c` ON `a`.`uid`=`c`.`uid` WHERE  `a`.`uid` = 1  AND `a`.`status` = 1 LIMIT 1 [ RunTime:0.083004s ]
[ sql ] [ SQL ] SELECT `uid` FROM `user` WHERE  `uname` LIKE '%罗某%'  AND `status` = 1 [ RunTime:0.083005s ]
[ sql ] [ SQL ] SHOW COLUMNS FROM `purchase_order` [ RunTime:0.083005s ]
[ sql ] [ SQL ] SELECT COUNT(*) AS tp_count FROM `purchase_order` WHERE  `uid` IN (1) LIMIT 1 [ RunTime:0.083005s ]
[ sql ] [ SQL ] SELECT * FROM `purchase_order` WHERE  `uid` IN (1) ORDER BY `id` DESC LIMIT 0,20 [ RunTime:0.083004s ]
[ sql ] [ SQL ] SELECT `uid`,`uname` FROM `user` [ RunTime:0.082004s ]
[ sql ] [ SQL ] SHOW COLUMNS FROM `user_extra` [ RunTime:0.083005s ]
[ sql ] [ SQL ] UPDATE `user_extra`  SET `tk_expire_time`=1565956254  WHERE  `uid` = 1 [ RunTime:0.090006s ]
[ error ] [8]未定义数组索引: page[D:\www\shuzheng\api\application\api\controller\Base.php:60]
[ error ] [8]未定义数组索引: limit[D:\www\shuzheng\api\application\api\controller\Base.php:60]
---------------------------------------------------------------
[ 2019-08-16T17:51:39+08:00 ] 127.0.0.1 POST /shuzheng/api/public/index.php/api/PurchaseOrder/buy
[ info ] 127.0.0.1/shuzheng/api/public/index.php/api/PurchaseOrder/buy [运行时间：0.294017s][吞吐率：3.40req/s] [内存消耗：2,050.29kb] [文件加载：52]
[ info ] [ LANG ] D:\www\shuzheng\api\thinkphp\lang\zh-cn.php
[ info ] [ ROUTE ] array (
  'type' => 'module',
  'module' => 
  array (
    0 => 'api',
    1 => 'PurchaseOrder',
    2 => 'buy',
  ),
)
[ info ] [ HEADER ] array (
  'connection' => 'close',
  'content-length' => '604',
  'content-type' => 'multipart/form-data; boundary=--------------------------866517033369107318712821',
  'accept-encoding' => 'gzip, deflate',
  'cookie' => 'PHPSESSID=8sbg6kqmt7mglv1opngabttvk3',
  'host' => '127.0.0.1',
  'accept' => '*/*',
  'user-agent' => 'PostmanRuntime/3.0.1',
  'postman-token' => '43842d22-130b-4420-ac1e-f264496de1bf',
  'cache-control' => 'no-cache',
)
[ info ] [ PARAM ] array (
  'token' => 'K05TZk1Lc29iTmd0eVRvRmV3RTdGRHdtM0FzVUVkMUtwTWJLdHV5Syt4ajJmeFZxV1RGSFVRNHRzMktoRWNHMTliZDF4ZC9pMzRRazNGc3phenBxQVE9PQ==',
  'name' => '罗某',
  'verify_status' => 'pass',
)
[ info ] [ DB ] INIT mysql
[ info ] [ RUN ] app\api\controller\PurchaseOrder->buy[ D:\www\shuzheng\api\application\api\controller\PurchaseOrder.php ]
[ info ] [ LOG ] INIT File
[ sql ] [ DB ] CONNECT:[ UseTime:0.114007s ] mysql:host=rm-wz91kpl7zfkkt2c7nbo.mysql.rds.aliyuncs.com;dbname=shuzheng_test;charset=utf8
[ sql ] [ SQL ] SHOW COLUMNS FROM `user` [ RunTime:0.076004s ]
[ sql ] [ SQL ] SELECT `a`.`uid`,`a`.`dp_id`,`a`.`account`,`a`.`uname`,`b`.`token`,`b`.`tk_uptime`,`b`.`tk_expire_time`,`c`.`group_id` FROM `user` `a` LEFT JOIN `user_extra` `b` ON `a`.`uid`=`b`.`uid` LEFT JOIN `auth_group_access` `c` ON `a`.`uid`=`c`.`uid` WHERE  `a`.`uid` = 1  AND `a`.`status` = 1 LIMIT 1 [ RunTime:0.075005s ]
---------------------------------------------------------------
[ 2019-08-16T17:52:58+08:00 ] 127.0.0.1 POST /shuzheng/api/public/index.php/api/PurchaseOrder/buy
[ info ] 127.0.0.1/shuzheng/api/public/index.php/api/PurchaseOrder/buy [运行时间：1.407080s][吞吐率：0.71req/s] [内存消耗：2,133.77kb] [文件加载：60]
[ info ] [ LANG ] D:\www\shuzheng\api\thinkphp\lang\zh-cn.php
[ info ] [ ROUTE ] array (
  'type' => 'module',
  'module' => 
  array (
    0 => 'api',
    1 => 'PurchaseOrder',
    2 => 'buy',
  ),
)
[ info ] [ HEADER ] array (
  'connection' => 'close',
  'content-length' => '845',
  'content-type' => 'multipart/form-data; boundary=--------------------------466182672732512334167781',
  'accept-encoding' => 'gzip, deflate',
  'cookie' => 'PHPSESSID=8sbg6kqmt7mglv1opngabttvk3',
  'host' => '127.0.0.1',
  'accept' => '*/*',
  'user-agent' => 'PostmanRuntime/3.0.1',
  'postman-token' => 'f5cb990f-e9cf-480c-a7c0-887c644629da',
  'cache-control' => 'no-cache',
)
[ info ] [ PARAM ] array (
  'token' => 'K05TZk1Lc29iTmd0eVRvRmV3RTdGRHdtM0FzVUVkMUtwTWJLdHV5Syt4ajJmeFZxV1RGSFVRNHRzMktoRWNHMTliZDF4ZC9pMzRRazNGc3phenBxQVE9PQ==',
  'order_id' => '1',
  'data' => 
  array (
    0 => 
    array (
      'detail_id' => '1',
      'buy_amount' => '10',
      'buy_money' => '350',
    ),
  ),
)
[ info ] [ DB ] INIT mysql
[ info ] [ RUN ] app\api\controller\PurchaseOrder->buy[ D:\www\shuzheng\api\application\api\controller\PurchaseOrder.php ]
[ info ] [ CACHE ] INIT File
[ info ] [ LOG ] INIT File
[ sql ] [ DB ] CONNECT:[ UseTime:0.337019s ] mysql:host=rm-wz91kpl7zfkkt2c7nbo.mysql.rds.aliyuncs.com;dbname=shuzheng_test;charset=utf8
[ sql ] [ SQL ] SHOW COLUMNS FROM `user` [ RunTime:0.079005s ]
[ sql ] [ SQL ] SELECT `a`.`uid`,`a`.`dp_id`,`a`.`account`,`a`.`uname`,`b`.`token`,`b`.`tk_uptime`,`b`.`tk_expire_time`,`c`.`group_id` FROM `user` `a` LEFT JOIN `user_extra` `b` ON `a`.`uid`=`b`.`uid` LEFT JOIN `auth_group_access` `c` ON `a`.`uid`=`c`.`uid` WHERE  `a`.`uid` = 1  AND `a`.`status` = 1 LIMIT 1 [ RunTime:0.077004s ]
[ sql ] [ SQL ] SHOW COLUMNS FROM `purchase_order` [ RunTime:0.079004s ]
[ sql ] [ SQL ] SELECT * FROM `purchase_order` WHERE  `id` = 1 LIMIT 1 [ RunTime:0.078005s ]
[ sql ] [ SQL ] SHOW COLUMNS FROM `purchase_order_detail` [ RunTime:0.079004s ]
[ sql ] [ SQL ] UPDATE `purchase_order_detail`  SET `buy_amount`=10,`buy_money`=350  WHERE  `id` = 1 [ RunTime:0.149008s ]
[ sql ] [ SQL ] SHOW COLUMNS FROM `purchase_order_progress` [ RunTime:0.079004s ]
[ sql ] [ SQL ] INSERT INTO `purchase_order_progress` (`order_id` , `uid` , `status` , `remark` , `ctime`) VALUES (1 , 1 , 'buy' , NULL , '2019-08-16') [ RunTime:0.078005s ]
[ sql ] [ SQL ] UPDATE `purchase_order`  SET `status`='buy',`up_time`='2019-08-16 17:52:57'  WHERE  `id` = 1 [ RunTime:0.078004s ]
[ sql ] [ SQL ] SHOW COLUMNS FROM `user_extra` [ RunTime:0.078004s ]
[ sql ] [ SQL ] UPDATE `user_extra`  SET `tk_expire_time`=1565956378  WHERE  `uid` = 1 [ RunTime:0.083005s ]
[ error ] [8]未定义数组索引: remark[D:\www\shuzheng\api\application\common\service\PurchaseOrderService.php:121]
---------------------------------------------------------------
[ 2019-08-16T17:54:15+08:00 ] 127.0.0.1 POST /shuzheng/api/public/index.php/api/PurchaseOrder/putInStorage
[ info ] 127.0.0.1/shuzheng/api/public/index.php/api/PurchaseOrder/putInStorage [运行时间：1.282074s][吞吐率：0.78req/s] [内存消耗：2,134.40kb] [文件加载：60]
[ info ] [ LANG ] D:\www\shuzheng\api\thinkphp\lang\zh-cn.php
[ info ] [ ROUTE ] array (
  'type' => 'module',
  'module' => 
  array (
    0 => 'api',
    1 => 'PurchaseOrder',
    2 => 'putInStorage',
  ),
)
[ info ] [ HEADER ] array (
  'connection' => 'close',
  'content-length' => '850',
  'content-type' => 'multipart/form-data; boundary=--------------------------225421573381965467614364',
  'accept-encoding' => 'gzip, deflate',
  'cookie' => 'PHPSESSID=8sbg6kqmt7mglv1opngabttvk3',
  'host' => '127.0.0.1',
  'accept' => '*/*',
  'user-agent' => 'PostmanRuntime/3.0.1',
  'postman-token' => '21dc69a7-ceac-4f49-a411-7bddc6a1452c',
  'cache-control' => 'no-cache',
)
[ info ] [ PARAM ] array (
  'token' => 'K05TZk1Lc29iTmd0eVRvRmV3RTdGRHdtM0FzVUVkMUtwTWJLdHV5Syt4ajJmeFZxV1RGSFVRNHRzMktoRWNHMTliZDF4ZC9pMzRRazNGc3phenBxQVE9PQ==',
  'order_id' => '1',
  'data' => 
  array (
    0 => 
    array (
      'detail_id' => '1',
      'bar_code' => '123456',
      'place' => '仓库A区',
    ),
  ),
)
[ info ] [ DB ] INIT mysql
[ info ] [ RUN ] app\api\controller\PurchaseOrder->putInStorage[ D:\www\shuzheng\api\application\api\controller\PurchaseOrder.php ]
[ info ] [ CACHE ] INIT File
[ info ] [ LOG ] INIT File
[ sql ] [ DB ] CONNECT:[ UseTime:0.252014s ] mysql:host=rm-wz91kpl7zfkkt2c7nbo.mysql.rds.aliyuncs.com;dbname=shuzheng_test;charset=utf8
[ sql ] [ SQL ] SHOW COLUMNS FROM `user` [ RunTime:0.077004s ]
[ sql ] [ SQL ] SELECT `a`.`uid`,`a`.`dp_id`,`a`.`account`,`a`.`uname`,`b`.`token`,`b`.`tk_uptime`,`b`.`tk_expire_time`,`c`.`group_id` FROM `user` `a` LEFT JOIN `user_extra` `b` ON `a`.`uid`=`b`.`uid` LEFT JOIN `auth_group_access` `c` ON `a`.`uid`=`c`.`uid` WHERE  `a`.`uid` = 1  AND `a`.`status` = 1 LIMIT 1 [ RunTime:0.076004s ]
[ sql ] [ SQL ] SHOW COLUMNS FROM `purchase_order` [ RunTime:0.077005s ]
[ sql ] [ SQL ] SELECT * FROM `purchase_order` WHERE  `id` = 1 LIMIT 1 [ RunTime:0.077004s ]
[ sql ] [ SQL ] SHOW COLUMNS FROM `purchase_order_detail` [ RunTime:0.076004s ]
[ sql ] [ SQL ] UPDATE `purchase_order_detail`  SET `bar_code`='123456',`place`='仓库A区'  WHERE  `id` = 1 [ RunTime:0.077004s ]
[ sql ] [ SQL ] SHOW COLUMNS FROM `purchase_order_progress` [ RunTime:0.077005s ]
[ sql ] [ SQL ] INSERT INTO `purchase_order_progress` (`order_id` , `uid` , `status` , `remark` , `ctime`) VALUES (1 , 1 , 'done' , NULL , '2019-08-16') [ RunTime:0.098005s ]
[ sql ] [ SQL ] UPDATE `purchase_order`  SET `status`='done',`up_time`='2019-08-16 17:54:14'  WHERE  `id` = 1 [ RunTime:0.097005s ]
[ sql ] [ SQL ] SHOW COLUMNS FROM `user_extra` [ RunTime:0.077004s ]
[ sql ] [ SQL ] UPDATE `user_extra`  SET `tk_expire_time`=1565956454  WHERE  `uid` = 1 [ RunTime:0.083005s ]
[ error ] [8]未定义数组索引: remark[D:\www\shuzheng\api\application\common\service\PurchaseOrderService.php:149]
---------------------------------------------------------------
[ 2019-08-16T17:54:39+08:00 ] 127.0.0.1 POST /shuzheng/api/public/index.php/api/PurchaseOrder/getDetailInfo
[ info ] 127.0.0.1/shuzheng/api/public/index.php/api/PurchaseOrder/getDetailInfo [运行时间：0.951054s][吞吐率：1.05req/s] [内存消耗：2,128.23kb] [文件加载：58]
[ info ] [ LANG ] D:\www\shuzheng\api\thinkphp\lang\zh-cn.php
[ info ] [ ROUTE ] array (
  'type' => 'module',
  'module' => 
  array (
    0 => 'api',
    1 => 'PurchaseOrder',
    2 => 'getDetailInfo',
  ),
)
[ info ] [ HEADER ] array (
  'connection' => 'close',
  'content-length' => '850',
  'content-type' => 'multipart/form-data; boundary=--------------------------229645717938617079095797',
  'accept-encoding' => 'gzip, deflate',
  'cookie' => 'PHPSESSID=8sbg6kqmt7mglv1opngabttvk3',
  'host' => '127.0.0.1',
  'accept' => '*/*',
  'user-agent' => 'PostmanRuntime/3.0.1',
  'postman-token' => '3a9f405d-4d6c-4b6e-9379-3677f00f8565',
  'cache-control' => 'no-cache',
)
[ info ] [ PARAM ] array (
  'token' => 'K05TZk1Lc29iTmd0eVRvRmV3RTdGRHdtM0FzVUVkMUtwTWJLdHV5Syt4ajJmeFZxV1RGSFVRNHRzMktoRWNHMTliZDF4ZC9pMzRRazNGc3phenBxQVE9PQ==',
  'order_id' => '1',
  'data' => 
  array (
    0 => 
    array (
      'detail_id' => '1',
      'bar_code' => '123456',
      'place' => '仓库A区',
    ),
  ),
)
[ info ] [ DB ] INIT mysql
[ info ] [ RUN ] app\api\controller\PurchaseOrder->getDetailInfo[ D:\www\shuzheng\api\application\api\controller\PurchaseOrder.php ]
[ info ] [ CACHE ] INIT File
[ info ] [ LOG ] INIT File
[ sql ] [ DB ] CONNECT:[ UseTime:0.300017s ] mysql:host=rm-wz91kpl7zfkkt2c7nbo.mysql.rds.aliyuncs.com;dbname=shuzheng_test;charset=utf8
[ sql ] [ SQL ] SHOW COLUMNS FROM `user` [ RunTime:0.075004s ]
[ sql ] [ SQL ] SELECT `a`.`uid`,`a`.`dp_id`,`a`.`account`,`a`.`uname`,`b`.`token`,`b`.`tk_uptime`,`b`.`tk_expire_time`,`c`.`group_id` FROM `user` `a` LEFT JOIN `user_extra` `b` ON `a`.`uid`=`b`.`uid` LEFT JOIN `auth_group_access` `c` ON `a`.`uid`=`c`.`uid` WHERE  `a`.`uid` = 1  AND `a`.`status` = 1 LIMIT 1 [ RunTime:0.075004s ]
[ sql ] [ SQL ] SHOW COLUMNS FROM `purchase_order` [ RunTime:0.077004s ]
[ sql ] [ SQL ] SELECT * FROM `purchase_order` WHERE  `id` = 1 LIMIT 1 [ RunTime:0.075004s ]
[ sql ] [ SQL ] SHOW COLUMNS FROM `purchase_order_detail` [ RunTime:0.076004s ]
[ sql ] [ SQL ] SELECT `a`.*,`b`.`name`,`b`.`unit` FROM `purchase_order_detail` `a` LEFT JOIN `goods` `b` ON `a`.`goods_id`=`b`.`id` WHERE  `a`.`order_id` = '1' [ RunTime:0.076004s ]
[ sql ] [ SQL ] SHOW COLUMNS FROM `user_extra` [ RunTime:0.076005s ]
[ sql ] [ SQL ] UPDATE `user_extra`  SET `tk_expire_time`=1565956478  WHERE  `uid` = 1 [ RunTime:0.081005s ]
