---------------------------------------------------------------
[ 2019-08-27T18:25:34+08:00 ] 127.0.0.1 GET /shuzheng/api/public/
[ info ] 127.0.0.1/shuzheng/api/public/ [运行时间：0.183011s][吞吐率：5.46req/s] [内存消耗：823.04kb] [文件加载：29]
[ info ] [ LANG ] D:\www\shuzheng\api\thinkphp\lang\zh-cn.php
[ info ] [ ROUTE ] array (
  'type' => 'module',
  'module' => 
  array (
    0 => '',
    1 => NULL,
    2 => NULL,
  ),
)
[ info ] [ HEADER ] array (
  'cookie' => 'PHPSESSID=vd9foi84qsfeu6h266ekfbgg41',
  'accept-language' => 'zh-CN,zh;q=0.9',
  'accept-encoding' => 'gzip, deflate, br',
  'referer' => 'http://127.0.0.1/shuzheng/api/',
  'sec-fetch-site' => 'same-origin',
  'accept' => 'text/html,application/xhtml+xml,application/xml;q=0.9,image/webp,image/apng,*/*;q=0.8,application/signed-exchange;v=b3',
  'sec-fetch-user' => '?1',
  'sec-fetch-mode' => 'navigate',
  'user-agent' => 'Mozilla/5.0 (Windows NT 6.1; Win64; x64) AppleWebKit/537.36 (KHTML, like Gecko) Chrome/76.0.3809.100 Safari/537.36',
  'upgrade-insecure-requests' => '1',
  'connection' => 'close',
  'host' => '127.0.0.1',
)
[ info ] [ PARAM ] array (
)
[ info ] [ LOG ] INIT File
---------------------------------------------------------------
[ 2019-08-27T18:25:40+08:00 ] 127.0.0.1 GET /shuzheng/api/public/index.php
[ info ] 127.0.0.1/shuzheng/api/public/index.php [运行时间：0.023001s][吞吐率：43.48req/s] [内存消耗：822.03kb] [文件加载：29]
[ info ] [ LANG ] D:\www\shuzheng\api\thinkphp\lang\zh-cn.php
[ info ] [ ROUTE ] array (
  'type' => 'module',
  'module' => 
  array (
    0 => '',
    1 => NULL,
    2 => NULL,
  ),
)
[ info ] [ HEADER ] array (
  'cookie' => 'PHPSESSID=vd9foi84qsfeu6h266ekfbgg41',
  'accept-language' => 'zh-CN,zh;q=0.9',
  'accept-encoding' => 'gzip, deflate, br',
  'sec-fetch-site' => 'none',
  'accept' => 'text/html,application/xhtml+xml,application/xml;q=0.9,image/webp,image/apng,*/*;q=0.8,application/signed-exchange;v=b3',
  'sec-fetch-user' => '?1',
  'sec-fetch-mode' => 'navigate',
  'user-agent' => 'Mozilla/5.0 (Windows NT 6.1; Win64; x64) AppleWebKit/537.36 (KHTML, like Gecko) Chrome/76.0.3809.100 Safari/537.36',
  'upgrade-insecure-requests' => '1',
  'connection' => 'close',
  'host' => '127.0.0.1',
)
[ info ] [ PARAM ] array (
)
[ info ] [ LOG ] INIT File
---------------------------------------------------------------
[ 2019-08-27T18:25:45+08:00 ] 127.0.0.1 GET /shuzheng/api/public/index.php/api
[ info ] 127.0.0.1/shuzheng/api/public/index.php/api [运行时间：0.121007s][吞吐率：8.26req/s] [内存消耗：1,131.05kb] [文件加载：42]
[ info ] [ LANG ] D:\www\shuzheng\api\thinkphp\lang\zh-cn.php
[ info ] [ ROUTE ] array (
  'type' => 'module',
  'module' => 
  array (
    0 => 'api',
    1 => NULL,
    2 => NULL,
  ),
)
[ info ] [ HEADER ] array (
  'cookie' => 'PHPSESSID=vd9foi84qsfeu6h266ekfbgg41',
  'accept-language' => 'zh-CN,zh;q=0.9',
  'accept-encoding' => 'gzip, deflate, br',
  'sec-fetch-site' => 'none',
  'accept' => 'text/html,application/xhtml+xml,application/xml;q=0.9,image/webp,image/apng,*/*;q=0.8,application/signed-exchange;v=b3',
  'sec-fetch-user' => '?1',
  'sec-fetch-mode' => 'navigate',
  'user-agent' => 'Mozilla/5.0 (Windows NT 6.1; Win64; x64) AppleWebKit/537.36 (KHTML, like Gecko) Chrome/76.0.3809.100 Safari/537.36',
  'upgrade-insecure-requests' => '1',
  'connection' => 'close',
  'host' => '127.0.0.1',
)
[ info ] [ PARAM ] array (
)
[ info ] [ RUN ] app\api\controller\Error->index[ D:\www\shuzheng\api\application\api\controller\Error.php ]
[ info ] [ LOG ] INIT File
[ error ] [8]未定义数组索引: token[D:\www\shuzheng\api\application\api\controller\Base.php:35]
---------------------------------------------------------------
[ 2019-08-27T18:26:15+08:00 ] 127.0.0.1 GET /shuzheng/api/public/index.php/api
[ info ] 127.0.0.1/shuzheng/api/public/index.php/api [运行时间：0.019001s][吞吐率：52.63req/s] [内存消耗：1,131.23kb] [文件加载：42]
[ info ] [ LANG ] D:\www\shuzheng\api\thinkphp\lang\zh-cn.php
[ info ] [ ROUTE ] array (
  'type' => 'module',
  'module' => 
  array (
    0 => 'api',
    1 => NULL,
    2 => NULL,
  ),
)
[ info ] [ HEADER ] array (
  'cookie' => 'PHPSESSID=vd9foi84qsfeu6h266ekfbgg41',
  'accept-language' => 'zh-CN,zh;q=0.9',
  'accept-encoding' => 'gzip, deflate, br',
  'sec-fetch-site' => 'none',
  'accept' => 'text/html,application/xhtml+xml,application/xml;q=0.9,image/webp,image/apng,*/*;q=0.8,application/signed-exchange;v=b3',
  'sec-fetch-user' => '?1',
  'sec-fetch-mode' => 'navigate',
  'user-agent' => 'Mozilla/5.0 (Windows NT 6.1; Win64; x64) AppleWebKit/537.36 (KHTML, like Gecko) Chrome/76.0.3809.100 Safari/537.36',
  'upgrade-insecure-requests' => '1',
  'cache-control' => 'max-age=0',
  'connection' => 'close',
  'host' => '127.0.0.1',
)
[ info ] [ PARAM ] array (
)
[ info ] [ RUN ] app\api\controller\Error->index[ D:\www\shuzheng\api\application\api\controller\Error.php ]
[ info ] [ LOG ] INIT File
[ error ] [8]未定义数组索引: token[D:\www\shuzheng\api\application\api\controller\Base.php:35]
---------------------------------------------------------------
[ 2019-08-27T18:26:18+08:00 ] 127.0.0.1 GET /shuzheng/api/public/index.php
[ info ] 127.0.0.1/shuzheng/api/public/index.php [运行时间：0.017001s][吞吐率：58.82req/s] [内存消耗：1,131.04kb] [文件加载：42]
[ info ] [ LANG ] D:\www\shuzheng\api\thinkphp\lang\zh-cn.php
[ info ] [ ROUTE ] array (
  'type' => 'module',
  'module' => 
  array (
    0 => '',
    1 => NULL,
    2 => NULL,
  ),
)
[ info ] [ HEADER ] array (
  'cookie' => 'PHPSESSID=vd9foi84qsfeu6h266ekfbgg41',
  'accept-language' => 'zh-CN,zh;q=0.9',
  'accept-encoding' => 'gzip, deflate, br',
  'sec-fetch-site' => 'none',
  'accept' => 'text/html,application/xhtml+xml,application/xml;q=0.9,image/webp,image/apng,*/*;q=0.8,application/signed-exchange;v=b3',
  'sec-fetch-user' => '?1',
  'sec-fetch-mode' => 'navigate',
  'user-agent' => 'Mozilla/5.0 (Windows NT 6.1; Win64; x64) AppleWebKit/537.36 (KHTML, like Gecko) Chrome/76.0.3809.100 Safari/537.36',
  'upgrade-insecure-requests' => '1',
  'connection' => 'close',
  'host' => '127.0.0.1',
)
[ info ] [ PARAM ] array (
)
[ info ] [ RUN ] app\api\controller\Error->index[ D:\www\shuzheng\api\application\api\controller\Error.php ]
[ info ] [ LOG ] INIT File
[ error ] [8]未定义数组索引: token[D:\www\shuzheng\api\application\api\controller\Base.php:35]
---------------------------------------------------------------
[ 2019-08-27T18:26:25+08:00 ] 127.0.0.1 GET /shuzheng/api/public/index.php/
[ info ] 127.0.0.1/shuzheng/api/public/index.php/ [运行时间：0.024001s][吞吐率：41.67req/s] [内存消耗：1,131.05kb] [文件加载：42]
[ info ] [ LANG ] D:\www\shuzheng\api\thinkphp\lang\zh-cn.php
[ info ] [ ROUTE ] array (
  'type' => 'module',
  'module' => 
  array (
    0 => '',
    1 => NULL,
    2 => NULL,
  ),
)
[ info ] [ HEADER ] array (
  'cookie' => 'PHPSESSID=vd9foi84qsfeu6h266ekfbgg41',
  'accept-language' => 'zh-CN,zh;q=0.9',
  'accept-encoding' => 'gzip, deflate, br',
  'sec-fetch-site' => 'none',
  'accept' => 'text/html,application/xhtml+xml,application/xml;q=0.9,image/webp,image/apng,*/*;q=0.8,application/signed-exchange;v=b3',
  'sec-fetch-user' => '?1',
  'sec-fetch-mode' => 'navigate',
  'user-agent' => 'Mozilla/5.0 (Windows NT 6.1; Win64; x64) AppleWebKit/537.36 (KHTML, like Gecko) Chrome/76.0.3809.100 Safari/537.36',
  'upgrade-insecure-requests' => '1',
  'connection' => 'close',
  'host' => '127.0.0.1',
)
[ info ] [ PARAM ] array (
)
[ info ] [ RUN ] app\api\controller\Error->index[ D:\www\shuzheng\api\application\api\controller\Error.php ]
[ info ] [ LOG ] INIT File
[ error ] [8]未定义数组索引: token[D:\www\shuzheng\api\application\api\controller\Base.php:35]
